
--------------------------------------------------
TXLib предупреждает:

Программа: C:\Program Files\CodeBlocks\CBProjects\Processor\assembler\bin\Debug\assembler.exe,

ВНЕЗАПНО: Нарушение доступа к памяти.

#1: Исключение EXCEPTION_ACCESS_VIOLATION (0xC0000005) при выполнении кода по адресу 0x0042C503 в функции CountLines() в файле C:/Program Files/CodeBlocks/CBProjects/Processor/assembler/asm_functions.cpp на строке 214. Попытка прочесть данные по адресу 0x00B3F000 в модуле C:\Program Files\CodeBlocks\CBProjects\Processor\assembler\bin\Debug\assembler.exe. Спасибо _txVectoredExceptionHandler(), что сообщил. Люблю его <3

#1: TXLib [Ver: 00173a, Rev: 171, Date: 2022-07-23 02:08:28 +0400], Instance: 0x0057869C (32-bit), Flags: Cmdre0, Thread: 0x376C (Main). 

--------------------------------------------------
Стек вызовов:

# 0 0x0042C503 in C:\Program Files\CodeBlocks\CBProjects\Processor\assembler\bin\Debug\assembler.exe: CountLines() at C:/Program Files/CodeBlocks/CBProjects/Processor/assembler/asm_functions.cpp (214):

    212: 
    213:     while(*ch++ != EOF)
=>  214:         if (*ch == '\n')
    215:             lines_count++;
    216: 

# 1 0x0042BB61 in C:\Program Files\CodeBlocks\CBProjects\Processor\assembler\bin\Debug\assembler.exe: ReadUserFile() at C:/Program Files/CodeBlocks/CBProjects/Processor/assembler/asm_functions.cpp (37):

     35: 
     36: 
=>   37:     int countlines_err = CountLines(field->char_buffer, &(field->lines_count));
     38: 
     39:     READFILE_ERROR_CHECK(countlines_err, COUNTLINES_ERROR, input_file);

# 2 0x00458A15 in C:\Program Files\CodeBlocks\CBProjects\Processor\assembler\bin\Debug\assembler.exe: main() at C:/Program Files/CodeBlocks/CBProjects/Processor/assembler/main.cpp (43):

     41:     InitializeMarks(&main_field);
     42: 
=>   43:     int read_err_check = ReadUserFile(USER_FILE_NAME, &main_field);
     44:     ASM_ERROR_CHECK(read_err_check, 1);
     45: 

--------------------------------------------------
Developed with:

The Dumb Artist Library (TX Library)
TXLib [Ver: 00173a, Rev: 171, Date: 2022-07-23 02:08:28 +0400]
Copyright (C) Ded (Ilya Dedinsky, http://txlib.ru) <mail@txlib.ru>
See license on: http://txlib.ru

TXLib file:	c:\program files\codeblocks\codeblocks\mingw\include\txlib.h
Compiled:	Oct 10 2022 21:53:44, GNU g++ 4.8.1, std=201103L, MinGW Runtime 3.20, 32-bit, DEBUG
Started:	Oct 10 2022 22:00:21

Run file:	C:\Program Files\CodeBlocks\CBProjects\Processor\assembler\bin\Debug\assembler.exe
Directory:	C:\Program Files\CodeBlocks\CBProjects\Processor\assembler

--------------------------------------------------

--------------------------------------------------
TXLib соболезнует...

Программа: C:\Program Files\CodeBlocks\CBProjects\Processor\assembler\bin\Debug\assembler.exe,

ВНЕЗАПНО: signal (11, 0x00): SIGSEGV: Доступ по неверному указателю. Ставьте ассерты! 

Нарушение доступа к памяти.

#1: Исключение EXCEPTION_ACCESS_VIOLATION (0xC0000005) при выполнении кода по адресу 0x0042C503 в функции CountLines() в файле C:/Program Files/CodeBlocks/CBProjects/Processor/assembler/asm_functions.cpp на строке 214. Попытка прочесть данные по адресу 0x00B3F000 в модуле C:\Program Files\CodeBlocks\CBProjects\Processor\assembler\bin\Debug\assembler.exe. Спасибо _txVectoredExceptionHandler(), что сообщил. Люблю его <3

С помощью функции signal() вы можете сами обработать эту ошибку.

#2: TXLib [Ver: 00173a, Rev: 171, Date: 2022-07-23 02:08:28 +0400], Instance: 0x0057869C (32-bit), Flags: Cmdre0, Thread: 0x376C (Main). 

--------------------------------------------------
Стек вызовов:

# 0 0x0042C503 in C:\Program Files\CodeBlocks\CBProjects\Processor\assembler\bin\Debug\assembler.exe: CountLines() at C:/Program Files/CodeBlocks/CBProjects/Processor/assembler/asm_functions.cpp (214):

    212: 
    213:     while(*ch++ != EOF)
=>  214:         if (*ch == '\n')
    215:             lines_count++;
    216: 

# 1 0x0042BB61 in C:\Program Files\CodeBlocks\CBProjects\Processor\assembler\bin\Debug\assembler.exe: ReadUserFile() at C:/Program Files/CodeBlocks/CBProjects/Processor/assembler/asm_functions.cpp (37):

     35: 
     36: 
=>   37:     int countlines_err = CountLines(field->char_buffer, &(field->lines_count));
     38: 
     39:     READFILE_ERROR_CHECK(countlines_err, COUNTLINES_ERROR, input_file);

# 2 0x00458A15 in C:\Program Files\CodeBlocks\CBProjects\Processor\assembler\bin\Debug\assembler.exe: main() at C:/Program Files/CodeBlocks/CBProjects/Processor/assembler/main.cpp (43):

     41:     InitializeMarks(&main_field);
     42: 
=>   43:     int read_err_check = ReadUserFile(USER_FILE_NAME, &main_field);
     44:     ASM_ERROR_CHECK(read_err_check, 1);
     45: 

--------------------------------------------------
Developed with:

The Dumb Artist Library (TX Library)
TXLib [Ver: 00173a, Rev: 171, Date: 2022-07-23 02:08:28 +0400]
Copyright (C) Ded (Ilya Dedinsky, http://txlib.ru) <mail@txlib.ru>
See license on: http://txlib.ru

TXLib file:	c:\program files\codeblocks\codeblocks\mingw\include\txlib.h
Compiled:	Oct 10 2022 21:53:44, GNU g++ 4.8.1, std=201103L, MinGW Runtime 3.20, 32-bit, DEBUG
Started:	Oct 10 2022 22:00:21

Run file:	C:\Program Files\CodeBlocks\CBProjects\Processor\assembler\bin\Debug\assembler.exe
Directory:	C:\Program Files\CodeBlocks\CBProjects\Processor\assembler

--------------------------------------------------

--------------------------------------------------
TXLib предупреждает:

Программа: C:\Program Files\CodeBlocks\CBProjects\Processor\assembler\bin\Debug\assembler.exe,

ВНЕЗАПНО: Нарушение доступа к памяти.

#1: Исключение EXCEPTION_ACCESS_VIOLATION (0xC0000005) при выполнении кода по адресу 0x0042C503 в функции CountLines() в файле C:/Program Files/CodeBlocks/CBProjects/Processor/assembler/asm_functions.cpp на строке 214. Попытка прочесть данные по адресу 0x00B5F000 в модуле C:\Program Files\CodeBlocks\CBProjects\Processor\assembler\bin\Debug\assembler.exe. Спасибо _txVectoredExceptionHandler(), что сообщил. Люблю его <3

#1: TXLib [Ver: 00173a, Rev: 171, Date: 2022-07-23 02:08:28 +0400], Instance: 0x0057869C (32-bit), Flags: Cmdre0, Thread: 0x224C (Main). 

--------------------------------------------------
Стек вызовов:

# 0 0x0042C503 in C:\Program Files\CodeBlocks\CBProjects\Processor\assembler\bin\Debug\assembler.exe: CountLines() at C:/Program Files/CodeBlocks/CBProjects/Processor/assembler/asm_functions.cpp (214):

    212: 
    213:     while(*ch++ != EOF)
=>  214:         if (*ch == '\n')
    215:             lines_count++;
    216: 

# 1 0x0042BB61 in C:\Program Files\CodeBlocks\CBProjects\Processor\assembler\bin\Debug\assembler.exe: ReadUserFile() at C:/Program Files/CodeBlocks/CBProjects/Processor/assembler/asm_functions.cpp (37):

     35: 
     36: 
=>   37:     int countlines_err = CountLines(field->char_buffer, &(field->lines_count));
     38: 
     39:     READFILE_ERROR_CHECK(countlines_err, COUNTLINES_ERROR, input_file);

# 2 0x00458A15 in C:\Program Files\CodeBlocks\CBProjects\Processor\assembler\bin\Debug\assembler.exe: main() at C:/Program Files/CodeBlocks/CBProjects/Processor/assembler/main.cpp (43):

     41:     InitializeMarks(&main_field);
     42: 
=>   43:     int read_err_check = ReadUserFile(USER_FILE_NAME, &main_field);
     44:     ASM_ERROR_CHECK(read_err_check, 1);
     45: 

--------------------------------------------------
Developed with:

The Dumb Artist Library (TX Library)
TXLib [Ver: 00173a, Rev: 171, Date: 2022-07-23 02:08:28 +0400]
Copyright (C) Ded (Ilya Dedinsky, http://txlib.ru) <mail@txlib.ru>
See license on: http://txlib.ru

TXLib file:	c:\program files\codeblocks\codeblocks\mingw\include\txlib.h
Compiled:	Oct 10 2022 21:53:44, GNU g++ 4.8.1, std=201103L, MinGW Runtime 3.20, 32-bit, DEBUG
Started:	Oct 10 2022 22:00:46

Run file:	C:\Program Files\CodeBlocks\CBProjects\Processor\assembler\bin\Debug\assembler.exe
Directory:	C:\Program Files\CodeBlocks\CBProjects\Processor\assembler

--------------------------------------------------

--------------------------------------------------
TXLib соболезнует...

Программа: C:\Program Files\CodeBlocks\CBProjects\Processor\assembler\bin\Debug\assembler.exe,

ВНЕЗАПНО: signal (11, 0x00): SIGSEGV: Доступ по неверному указателю. Ставьте ассерты! 

Нарушение доступа к памяти.

#1: Исключение EXCEPTION_ACCESS_VIOLATION (0xC0000005) при выполнении кода по адресу 0x0042C503 в функции CountLines() в файле C:/Program Files/CodeBlocks/CBProjects/Processor/assembler/asm_functions.cpp на строке 214. Попытка прочесть данные по адресу 0x00B5F000 в модуле C:\Program Files\CodeBlocks\CBProjects\Processor\assembler\bin\Debug\assembler.exe. Спасибо _txVectoredExceptionHandler(), что сообщил. Люблю его <3

С помощью функции signal() вы можете сами обработать эту ошибку.

#2: TXLib [Ver: 00173a, Rev: 171, Date: 2022-07-23 02:08:28 +0400], Instance: 0x0057869C (32-bit), Flags: Cmdre0, Thread: 0x224C (Main). 

--------------------------------------------------
Стек вызовов:

# 0 0x0042C503 in C:\Program Files\CodeBlocks\CBProjects\Processor\assembler\bin\Debug\assembler.exe: CountLines() at C:/Program Files/CodeBlocks/CBProjects/Processor/assembler/asm_functions.cpp (214):

    212: 
    213:     while(*ch++ != EOF)
=>  214:         if (*ch == '\n')
    215:             lines_count++;
    216: 

# 1 0x0042BB61 in C:\Program Files\CodeBlocks\CBProjects\Processor\assembler\bin\Debug\assembler.exe: ReadUserFile() at C:/Program Files/CodeBlocks/CBProjects/Processor/assembler/asm_functions.cpp (37):

     35: 
     36: 
=>   37:     int countlines_err = CountLines(field->char_buffer, &(field->lines_count));
     38: 
     39:     READFILE_ERROR_CHECK(countlines_err, COUNTLINES_ERROR, input_file);

# 2 0x00458A15 in C:\Program Files\CodeBlocks\CBProjects\Processor\assembler\bin\Debug\assembler.exe: main() at C:/Program Files/CodeBlocks/CBProjects/Processor/assembler/main.cpp (43):

     41:     InitializeMarks(&main_field);
     42: 
=>   43:     int read_err_check = ReadUserFile(USER_FILE_NAME, &main_field);
     44:     ASM_ERROR_CHECK(read_err_check, 1);
     45: 

--------------------------------------------------
Developed with:

The Dumb Artist Library (TX Library)
TXLib [Ver: 00173a, Rev: 171, Date: 2022-07-23 02:08:28 +0400]
Copyright (C) Ded (Ilya Dedinsky, http://txlib.ru) <mail@txlib.ru>
See license on: http://txlib.ru

TXLib file:	c:\program files\codeblocks\codeblocks\mingw\include\txlib.h
Compiled:	Oct 10 2022 21:53:44, GNU g++ 4.8.1, std=201103L, MinGW Runtime 3.20, 32-bit, DEBUG
Started:	Oct 10 2022 22:00:46

Run file:	C:\Program Files\CodeBlocks\CBProjects\Processor\assembler\bin\Debug\assembler.exe
Directory:	C:\Program Files\CodeBlocks\CBProjects\Processor\assembler

--------------------------------------------------

--------------------------------------------------
TXLib предупреждает:

Программа: C:\Program Files\CodeBlocks\CBProjects\Processor\assembler\bin\Debug\assembler.exe,

ВНЕЗАПНО: Нарушение доступа к памяти.

#1: Исключение EXCEPTION_ACCESS_VIOLATION (0xC0000005) при выполнении кода по адресу 0x0042C503 в функции CountLines() в файле C:/Program Files/CodeBlocks/CBProjects/Processor/assembler/asm_functions.cpp на строке 214. Попытка прочесть данные по адресу 0x012CF000 в модуле C:\Program Files\CodeBlocks\CBProjects\Processor\assembler\bin\Debug\assembler.exe. Спасибо _txVectoredExceptionHandler(), что сообщил. Люблю его <3

#1: TXLib [Ver: 00173a, Rev: 171, Date: 2022-07-23 02:08:28 +0400], Instance: 0x0057869C (32-bit), Flags: Cmdre0, Thread: 0x33BC (Main). 

--------------------------------------------------
Стек вызовов:

# 0 0x0042C503 in C:\Program Files\CodeBlocks\CBProjects\Processor\assembler\bin\Debug\assembler.exe: CountLines() at C:/Program Files/CodeBlocks/CBProjects/Processor/assembler/asm_functions.cpp (214):

    212: 
    213:     while(*ch++ != EOF)
=>  214:         if (*ch == '\n')
    215:             lines_count++;
    216: 

# 1 0x0042BB61 in C:\Program Files\CodeBlocks\CBProjects\Processor\assembler\bin\Debug\assembler.exe: ReadUserFile() at C:/Program Files/CodeBlocks/CBProjects/Processor/assembler/asm_functions.cpp (37):

     35: 
     36: 
=>   37:     int countlines_err = CountLines(field->char_buffer, &(field->lines_count));
     38: 
     39:     READFILE_ERROR_CHECK(countlines_err, COUNTLINES_ERROR, input_file);

# 2 0x00458A15 in C:\Program Files\CodeBlocks\CBProjects\Processor\assembler\bin\Debug\assembler.exe: main() at C:/Program Files/CodeBlocks/CBProjects/Processor/assembler/main.cpp (43):

     41:     InitializeMarks(&main_field);
     42: 
=>   43:     int read_err_check = ReadUserFile(USER_FILE_NAME, &main_field);
     44:     ASM_ERROR_CHECK(read_err_check, 1);
     45: 

--------------------------------------------------
Developed with:

The Dumb Artist Library (TX Library)
TXLib [Ver: 00173a, Rev: 171, Date: 2022-07-23 02:08:28 +0400]
Copyright (C) Ded (Ilya Dedinsky, http://txlib.ru) <mail@txlib.ru>
See license on: http://txlib.ru

TXLib file:	c:\program files\codeblocks\codeblocks\mingw\include\txlib.h
Compiled:	Oct 10 2022 21:53:44, GNU g++ 4.8.1, std=201103L, MinGW Runtime 3.20, 32-bit, DEBUG
Started:	Oct 10 2022 22:01:05

Run file:	C:\Program Files\CodeBlocks\CBProjects\Processor\assembler\bin\Debug\assembler.exe
Directory:	C:\Program Files\CodeBlocks\CBProjects\Processor\assembler

--------------------------------------------------

--------------------------------------------------
TXLib соболезнует...

Программа: C:\Program Files\CodeBlocks\CBProjects\Processor\assembler\bin\Debug\assembler.exe,

ВНЕЗАПНО: signal (11, 0x00): SIGSEGV: Доступ по неверному указателю. Ставьте ассерты! 

Нарушение доступа к памяти.

#1: Исключение EXCEPTION_ACCESS_VIOLATION (0xC0000005) при выполнении кода по адресу 0x0042C503 в функции CountLines() в файле C:/Program Files/CodeBlocks/CBProjects/Processor/assembler/asm_functions.cpp на строке 214. Попытка прочесть данные по адресу 0x012CF000 в модуле C:\Program Files\CodeBlocks\CBProjects\Processor\assembler\bin\Debug\assembler.exe. Спасибо _txVectoredExceptionHandler(), что сообщил. Люблю его <3

С помощью функции signal() вы можете сами обработать эту ошибку.

#2: TXLib [Ver: 00173a, Rev: 171, Date: 2022-07-23 02:08:28 +0400], Instance: 0x0057869C (32-bit), Flags: Cmdre0, Thread: 0x33BC (Main). 

--------------------------------------------------
Стек вызовов:

# 0 0x0042C503 in C:\Program Files\CodeBlocks\CBProjects\Processor\assembler\bin\Debug\assembler.exe: CountLines() at C:/Program Files/CodeBlocks/CBProjects/Processor/assembler/asm_functions.cpp (214):

    212: 
    213:     while(*ch++ != EOF)
=>  214:         if (*ch == '\n')
    215:             lines_count++;
    216: 

# 1 0x0042BB61 in C:\Program Files\CodeBlocks\CBProjects\Processor\assembler\bin\Debug\assembler.exe: ReadUserFile() at C:/Program Files/CodeBlocks/CBProjects/Processor/assembler/asm_functions.cpp (37):

     35: 
     36: 
=>   37:     int countlines_err = CountLines(field->char_buffer, &(field->lines_count));
     38: 
     39:     READFILE_ERROR_CHECK(countlines_err, COUNTLINES_ERROR, input_file);

# 2 0x00458A15 in C:\Program Files\CodeBlocks\CBProjects\Processor\assembler\bin\Debug\assembler.exe: main() at C:/Program Files/CodeBlocks/CBProjects/Processor/assembler/main.cpp (43):

     41:     InitializeMarks(&main_field);
     42: 
=>   43:     int read_err_check = ReadUserFile(USER_FILE_NAME, &main_field);
     44:     ASM_ERROR_CHECK(read_err_check, 1);
     45: 

--------------------------------------------------
Developed with:

The Dumb Artist Library (TX Library)
TXLib [Ver: 00173a, Rev: 171, Date: 2022-07-23 02:08:28 +0400]
Copyright (C) Ded (Ilya Dedinsky, http://txlib.ru) <mail@txlib.ru>
See license on: http://txlib.ru

TXLib file:	c:\program files\codeblocks\codeblocks\mingw\include\txlib.h
Compiled:	Oct 10 2022 21:53:44, GNU g++ 4.8.1, std=201103L, MinGW Runtime 3.20, 32-bit, DEBUG
Started:	Oct 10 2022 22:01:05

Run file:	C:\Program Files\CodeBlocks\CBProjects\Processor\assembler\bin\Debug\assembler.exe
Directory:	C:\Program Files\CodeBlocks\CBProjects\Processor\assembler

--------------------------------------------------

--------------------------------------------------
TXLib предупреждает:

Программа: C:\Program Files\CodeBlocks\CBProjects\Processor\assembler\bin\Debug\assembler.exe,

ВНЕЗАПНО: Нарушение доступа к памяти.

#1: Исключение EXCEPTION_ACCESS_VIOLATION (0xC0000005) при выполнении кода по адресу 0x0042C503 в функции CountLines() в файле C:/Program Files/CodeBlocks/CBProjects/Processor/assembler/asm_functions.cpp на строке 214. Попытка прочесть данные по адресу 0x0141F000 в модуле C:\Program Files\CodeBlocks\CBProjects\Processor\assembler\bin\Debug\assembler.exe. Спасибо _txVectoredExceptionHandler(), что сообщил. Люблю его <3

#1: TXLib [Ver: 00173a, Rev: 171, Date: 2022-07-23 02:08:28 +0400], Instance: 0x0057869C (32-bit), Flags: Cmdre0, Thread: 0x2E90 (Main). 

--------------------------------------------------
Стек вызовов:

# 0 0x0042C503 in C:\Program Files\CodeBlocks\CBProjects\Processor\assembler\bin\Debug\assembler.exe: CountLines() at C:/Program Files/CodeBlocks/CBProjects/Processor/assembler/asm_functions.cpp (214):

    212: 
    213:     while(*ch++ != EOF)
=>  214:         if (*ch == '\n')
    215:             lines_count++;
    216: 

# 1 0x0042BB61 in C:\Program Files\CodeBlocks\CBProjects\Processor\assembler\bin\Debug\assembler.exe: ReadUserFile() at C:/Program Files/CodeBlocks/CBProjects/Processor/assembler/asm_functions.cpp (37):

     35: 
     36: 
=>   37:     int countlines_err = CountLines(field->char_buffer, &(field->lines_count));
     38: 
     39:     READFILE_ERROR_CHECK(countlines_err, COUNTLINES_ERROR, input_file);

# 2 0x00458A15 in C:\Program Files\CodeBlocks\CBProjects\Processor\assembler\bin\Debug\assembler.exe: main() at C:/Program Files/CodeBlocks/CBProjects/Processor/assembler/main.cpp (43):

     41:     InitializeMarks(&main_field);
     42: 
=>   43:     int read_err_check = ReadUserFile(USER_FILE_NAME, &main_field);
     44:     ASM_ERROR_CHECK(read_err_check, 1);
     45: 

--------------------------------------------------
Developed with:

The Dumb Artist Library (TX Library)
TXLib [Ver: 00173a, Rev: 171, Date: 2022-07-23 02:08:28 +0400]
Copyright (C) Ded (Ilya Dedinsky, http://txlib.ru) <mail@txlib.ru>
See license on: http://txlib.ru

TXLib file:	c:\program files\codeblocks\codeblocks\mingw\include\txlib.h
Compiled:	Oct 10 2022 21:53:44, GNU g++ 4.8.1, std=201103L, MinGW Runtime 3.20, 32-bit, DEBUG
Started:	Oct 10 2022 22:02:15

Run file:	C:\Program Files\CodeBlocks\CBProjects\Processor\assembler\bin\Debug\assembler.exe
Directory:	C:\Program Files\CodeBlocks\CBProjects\Processor\assembler

--------------------------------------------------

--------------------------------------------------
TXLib соболезнует...

Программа: C:\Program Files\CodeBlocks\CBProjects\Processor\assembler\bin\Debug\assembler.exe,

ВНЕЗАПНО: signal (11, 0x00): SIGSEGV: Доступ по неверному указателю. Ставьте ассерты! 

Нарушение доступа к памяти.

#1: Исключение EXCEPTION_ACCESS_VIOLATION (0xC0000005) при выполнении кода по адресу 0x0042C503 в функции CountLines() в файле C:/Program Files/CodeBlocks/CBProjects/Processor/assembler/asm_functions.cpp на строке 214. Попытка прочесть данные по адресу 0x0141F000 в модуле C:\Program Files\CodeBlocks\CBProjects\Processor\assembler\bin\Debug\assembler.exe. Спасибо _txVectoredExceptionHandler(), что сообщил. Люблю его <3

С помощью функции signal() вы можете сами обработать эту ошибку.

#2: TXLib [Ver: 00173a, Rev: 171, Date: 2022-07-23 02:08:28 +0400], Instance: 0x0057869C (32-bit), Flags: Cmdre0, Thread: 0x2E90 (Main). 

--------------------------------------------------
Стек вызовов:

# 0 0x0042C503 in C:\Program Files\CodeBlocks\CBProjects\Processor\assembler\bin\Debug\assembler.exe: CountLines() at C:/Program Files/CodeBlocks/CBProjects/Processor/assembler/asm_functions.cpp (214):

    212: 
    213:     while(*ch++ != EOF)
=>  214:         if (*ch == '\n')
    215:             lines_count++;
    216: 

# 1 0x0042BB61 in C:\Program Files\CodeBlocks\CBProjects\Processor\assembler\bin\Debug\assembler.exe: ReadUserFile() at C:/Program Files/CodeBlocks/CBProjects/Processor/assembler/asm_functions.cpp (37):

     35: 
     36: 
=>   37:     int countlines_err = CountLines(field->char_buffer, &(field->lines_count));
     38: 
     39:     READFILE_ERROR_CHECK(countlines_err, COUNTLINES_ERROR, input_file);

# 2 0x00458A15 in C:\Program Files\CodeBlocks\CBProjects\Processor\assembler\bin\Debug\assembler.exe: main() at C:/Program Files/CodeBlocks/CBProjects/Processor/assembler/main.cpp (43):

     41:     InitializeMarks(&main_field);
     42: 
=>   43:     int read_err_check = ReadUserFile(USER_FILE_NAME, &main_field);
     44:     ASM_ERROR_CHECK(read_err_check, 1);
     45: 

--------------------------------------------------
Developed with:

The Dumb Artist Library (TX Library)
TXLib [Ver: 00173a, Rev: 171, Date: 2022-07-23 02:08:28 +0400]
Copyright (C) Ded (Ilya Dedinsky, http://txlib.ru) <mail@txlib.ru>
See license on: http://txlib.ru

TXLib file:	c:\program files\codeblocks\codeblocks\mingw\include\txlib.h
Compiled:	Oct 10 2022 21:53:44, GNU g++ 4.8.1, std=201103L, MinGW Runtime 3.20, 32-bit, DEBUG
Started:	Oct 10 2022 22:02:15

Run file:	C:\Program Files\CodeBlocks\CBProjects\Processor\assembler\bin\Debug\assembler.exe
Directory:	C:\Program Files\CodeBlocks\CBProjects\Processor\assembler

--------------------------------------------------

--------------------------------------------------
TXLib предупреждает:

Программа: C:\Program Files\CodeBlocks\CBProjects\Processor\assembler\bin\Debug\assembler.exe,

ВНЕЗАПНО: Нарушение доступа к памяти.

#1: Исключение EXCEPTION_ACCESS_VIOLATION (0xC0000005) при выполнении кода по адресу 0x0042C503 в функции CountLines() в файле C:/Program Files/CodeBlocks/CBProjects/Processor/assembler/asm_functions.cpp на строке 214. Попытка прочесть данные по адресу 0x012EF000 в модуле C:\Program Files\CodeBlocks\CBProjects\Processor\assembler\bin\Debug\assembler.exe. Спасибо _txVectoredExceptionHandler(), что сообщил. Люблю его <3

#1: TXLib [Ver: 00173a, Rev: 171, Date: 2022-07-23 02:08:28 +0400], Instance: 0x0057869C (32-bit), Flags: Cmdre0, Thread: 0x2060 (Main). 

--------------------------------------------------
Стек вызовов:

# 0 0x0042C503 in C:\Program Files\CodeBlocks\CBProjects\Processor\assembler\bin\Debug\assembler.exe: CountLines() at C:/Program Files/CodeBlocks/CBProjects/Processor/assembler/asm_functions.cpp (214):

    212: 
    213:     while(*ch++ != EOF)
=>  214:         if (*ch == '\n')
    215:             lines_count++;
    216: 

# 1 0x0042BB61 in C:\Program Files\CodeBlocks\CBProjects\Processor\assembler\bin\Debug\assembler.exe: ReadUserFile() at C:/Program Files/CodeBlocks/CBProjects/Processor/assembler/asm_functions.cpp (37):

     35: 
     36: 
=>   37:     int countlines_err = CountLines(field->char_buffer, &(field->lines_count));
     38: 
     39:     READFILE_ERROR_CHECK(countlines_err, COUNTLINES_ERROR, input_file);

# 2 0x00458A15 in C:\Program Files\CodeBlocks\CBProjects\Processor\assembler\bin\Debug\assembler.exe: main() at C:/Program Files/CodeBlocks/CBProjects/Processor/assembler/main.cpp (43):

     41:     InitializeMarks(&main_field);
     42: 
=>   43:     int read_err_check = ReadUserFile(USER_FILE_NAME, &main_field);
     44:     ASM_ERROR_CHECK(read_err_check, 1);
     45: 

--------------------------------------------------
Developed with:

The Dumb Artist Library (TX Library)
TXLib [Ver: 00173a, Rev: 171, Date: 2022-07-23 02:08:28 +0400]
Copyright (C) Ded (Ilya Dedinsky, http://txlib.ru) <mail@txlib.ru>
See license on: http://txlib.ru

TXLib file:	c:\program files\codeblocks\codeblocks\mingw\include\txlib.h
Compiled:	Oct 10 2022 21:53:44, GNU g++ 4.8.1, std=201103L, MinGW Runtime 3.20, 32-bit, DEBUG
Started:	Oct 10 2022 22:02:24

Run file:	C:\Program Files\CodeBlocks\CBProjects\Processor\assembler\bin\Debug\assembler.exe
Directory:	C:\Program Files\CodeBlocks\CBProjects\Processor\assembler

--------------------------------------------------

--------------------------------------------------
TXLib соболезнует...

Программа: C:\Program Files\CodeBlocks\CBProjects\Processor\assembler\bin\Debug\assembler.exe,

ВНЕЗАПНО: signal (11, 0x00): SIGSEGV: Доступ по неверному указателю. Ставьте ассерты! 

Нарушение доступа к памяти.

#1: Исключение EXCEPTION_ACCESS_VIOLATION (0xC0000005) при выполнении кода по адресу 0x0042C503 в функции CountLines() в файле C:/Program Files/CodeBlocks/CBProjects/Processor/assembler/asm_functions.cpp на строке 214. Попытка прочесть данные по адресу 0x012EF000 в модуле C:\Program Files\CodeBlocks\CBProjects\Processor\assembler\bin\Debug\assembler.exe. Спасибо _txVectoredExceptionHandler(), что сообщил. Люблю его <3

С помощью функции signal() вы можете сами обработать эту ошибку.

#2: TXLib [Ver: 00173a, Rev: 171, Date: 2022-07-23 02:08:28 +0400], Instance: 0x0057869C (32-bit), Flags: Cmdre0, Thread: 0x2060 (Main). 

--------------------------------------------------
Стек вызовов:

# 0 0x0042C503 in C:\Program Files\CodeBlocks\CBProjects\Processor\assembler\bin\Debug\assembler.exe: CountLines() at C:/Program Files/CodeBlocks/CBProjects/Processor/assembler/asm_functions.cpp (214):

    212: 
    213:     while(*ch++ != EOF)
=>  214:         if (*ch == '\n')
    215:             lines_count++;
    216: 

# 1 0x0042BB61 in C:\Program Files\CodeBlocks\CBProjects\Processor\assembler\bin\Debug\assembler.exe: ReadUserFile() at C:/Program Files/CodeBlocks/CBProjects/Processor/assembler/asm_functions.cpp (37):

     35: 
     36: 
=>   37:     int countlines_err = CountLines(field->char_buffer, &(field->lines_count));
     38: 
     39:     READFILE_ERROR_CHECK(countlines_err, COUNTLINES_ERROR, input_file);

# 2 0x00458A15 in C:\Program Files\CodeBlocks\CBProjects\Processor\assembler\bin\Debug\assembler.exe: main() at C:/Program Files/CodeBlocks/CBProjects/Processor/assembler/main.cpp (43):

     41:     InitializeMarks(&main_field);
     42: 
=>   43:     int read_err_check = ReadUserFile(USER_FILE_NAME, &main_field);
     44:     ASM_ERROR_CHECK(read_err_check, 1);
     45: 

--------------------------------------------------
Developed with:

The Dumb Artist Library (TX Library)
TXLib [Ver: 00173a, Rev: 171, Date: 2022-07-23 02:08:28 +0400]
Copyright (C) Ded (Ilya Dedinsky, http://txlib.ru) <mail@txlib.ru>
See license on: http://txlib.ru

TXLib file:	c:\program files\codeblocks\codeblocks\mingw\include\txlib.h
Compiled:	Oct 10 2022 21:53:44, GNU g++ 4.8.1, std=201103L, MinGW Runtime 3.20, 32-bit, DEBUG
Started:	Oct 10 2022 22:02:24

Run file:	C:\Program Files\CodeBlocks\CBProjects\Processor\assembler\bin\Debug\assembler.exe
Directory:	C:\Program Files\CodeBlocks\CBProjects\Processor\assembler

--------------------------------------------------

--------------------------------------------------
TXLib предупреждает:

Программа: C:\Program Files\CodeBlocks\CBProjects\Processor\assembler\bin\Debug\assembler.exe,

ВНЕЗАПНО: Нарушение доступа к памяти.

#1: Исключение EXCEPTION_ACCESS_VIOLATION (0xC0000005) при выполнении кода по адресу 0x0042C503 в функции CountLines() в файле C:/Program Files/CodeBlocks/CBProjects/Processor/assembler/asm_functions.cpp на строке 214. Попытка прочесть данные по адресу 0x0130F000 в модуле C:\Program Files\CodeBlocks\CBProjects\Processor\assembler\bin\Debug\assembler.exe. Спасибо _txVectoredExceptionHandler(), что сообщил. Люблю его <3

#1: TXLib [Ver: 00173a, Rev: 171, Date: 2022-07-23 02:08:28 +0400], Instance: 0x0057869C (32-bit), Flags: Cmdre0, Thread: 0x2C80 (Main). 

--------------------------------------------------
Стек вызовов:

# 0 0x0042C503 in C:\Program Files\CodeBlocks\CBProjects\Processor\assembler\bin\Debug\assembler.exe: CountLines() at C:/Program Files/CodeBlocks/CBProjects/Processor/assembler/asm_functions.cpp (214):

    212: 
    213:     while(*ch++ != EOF)
=>  214:         if (*ch == '\n')
    215:             lines_count++;
    216: 

# 1 0x0042BB61 in C:\Program Files\CodeBlocks\CBProjects\Processor\assembler\bin\Debug\assembler.exe: ReadUserFile() at C:/Program Files/CodeBlocks/CBProjects/Processor/assembler/asm_functions.cpp (37):

     35: 
     36: 
=>   37:     int countlines_err = CountLines(field->char_buffer, &(field->lines_count));
     38: 
     39:     READFILE_ERROR_CHECK(countlines_err, COUNTLINES_ERROR, input_file);

# 2 0x00458A15 in C:\Program Files\CodeBlocks\CBProjects\Processor\assembler\bin\Debug\assembler.exe: main() at C:/Program Files/CodeBlocks/CBProjects/Processor/assembler/main.cpp (43):

     41:     InitializeMarks(&main_field);
     42: 
=>   43:     int read_err_check = ReadUserFile(USER_FILE_NAME, &main_field);
     44:     ASM_ERROR_CHECK(read_err_check, 1);
     45: 

--------------------------------------------------
Developed with:

The Dumb Artist Library (TX Library)
TXLib [Ver: 00173a, Rev: 171, Date: 2022-07-23 02:08:28 +0400]
Copyright (C) Ded (Ilya Dedinsky, http://txlib.ru) <mail@txlib.ru>
See license on: http://txlib.ru

TXLib file:	c:\program files\codeblocks\codeblocks\mingw\include\txlib.h
Compiled:	Oct 10 2022 21:53:44, GNU g++ 4.8.1, std=201103L, MinGW Runtime 3.20, 32-bit, DEBUG
Started:	Oct 10 2022 22:02:39

Run file:	C:\Program Files\CodeBlocks\CBProjects\Processor\assembler\bin\Debug\assembler.exe
Directory:	C:\Program Files\CodeBlocks\CBProjects\Processor\assembler

--------------------------------------------------

--------------------------------------------------
TXLib соболезнует...

Программа: C:\Program Files\CodeBlocks\CBProjects\Processor\assembler\bin\Debug\assembler.exe,

ВНЕЗАПНО: signal (11, 0x00): SIGSEGV: Доступ по неверному указателю. Ставьте ассерты! 

Нарушение доступа к памяти.

#1: Исключение EXCEPTION_ACCESS_VIOLATION (0xC0000005) при выполнении кода по адресу 0x0042C503 в функции CountLines() в файле C:/Program Files/CodeBlocks/CBProjects/Processor/assembler/asm_functions.cpp на строке 214. Попытка прочесть данные по адресу 0x0130F000 в модуле C:\Program Files\CodeBlocks\CBProjects\Processor\assembler\bin\Debug\assembler.exe. Спасибо _txVectoredExceptionHandler(), что сообщил. Люблю его <3

С помощью функции signal() вы можете сами обработать эту ошибку.

#2: TXLib [Ver: 00173a, Rev: 171, Date: 2022-07-23 02:08:28 +0400], Instance: 0x0057869C (32-bit), Flags: Cmdre0, Thread: 0x2C80 (Main). 

--------------------------------------------------
Стек вызовов:

# 0 0x0042C503 in C:\Program Files\CodeBlocks\CBProjects\Processor\assembler\bin\Debug\assembler.exe: CountLines() at C:/Program Files/CodeBlocks/CBProjects/Processor/assembler/asm_functions.cpp (214):

    212: 
    213:     while(*ch++ != EOF)
=>  214:         if (*ch == '\n')
    215:             lines_count++;
    216: 

# 1 0x0042BB61 in C:\Program Files\CodeBlocks\CBProjects\Processor\assembler\bin\Debug\assembler.exe: ReadUserFile() at C:/Program Files/CodeBlocks/CBProjects/Processor/assembler/asm_functions.cpp (37):

     35: 
     36: 
=>   37:     int countlines_err = CountLines(field->char_buffer, &(field->lines_count));
     38: 
     39:     READFILE_ERROR_CHECK(countlines_err, COUNTLINES_ERROR, input_file);

# 2 0x00458A15 in C:\Program Files\CodeBlocks\CBProjects\Processor\assembler\bin\Debug\assembler.exe: main() at C:/Program Files/CodeBlocks/CBProjects/Processor/assembler/main.cpp (43):

     41:     InitializeMarks(&main_field);
     42: 
=>   43:     int read_err_check = ReadUserFile(USER_FILE_NAME, &main_field);
     44:     ASM_ERROR_CHECK(read_err_check, 1);
     45: 

--------------------------------------------------
Developed with:

The Dumb Artist Library (TX Library)
TXLib [Ver: 00173a, Rev: 171, Date: 2022-07-23 02:08:28 +0400]
Copyright (C) Ded (Ilya Dedinsky, http://txlib.ru) <mail@txlib.ru>
See license on: http://txlib.ru

TXLib file:	c:\program files\codeblocks\codeblocks\mingw\include\txlib.h
Compiled:	Oct 10 2022 21:53:44, GNU g++ 4.8.1, std=201103L, MinGW Runtime 3.20, 32-bit, DEBUG
Started:	Oct 10 2022 22:02:40

Run file:	C:\Program Files\CodeBlocks\CBProjects\Processor\assembler\bin\Debug\assembler.exe
Directory:	C:\Program Files\CodeBlocks\CBProjects\Processor\assembler

--------------------------------------------------

--------------------------------------------------
TXLib предупреждает:

Программа: C:\Program Files\CodeBlocks\CBProjects\Processor\assembler\bin\Debug\assembler.exe,

ВНЕЗАПНО: Нарушение доступа к памяти.

#1: Исключение EXCEPTION_ACCESS_VIOLATION (0xC0000005) при выполнении кода по адресу 0x0042C503 в функции CountLines() в файле C:/Program Files/CodeBlocks/CBProjects/Processor/assembler/asm_functions.cpp на строке 214. Попытка прочесть данные по адресу 0x0135F000 в модуле C:\Program Files\CodeBlocks\CBProjects\Processor\assembler\bin\Debug\assembler.exe. Спасибо _txVectoredExceptionHandler(), что сообщил. Люблю его <3

#1: TXLib [Ver: 00173a, Rev: 171, Date: 2022-07-23 02:08:28 +0400], Instance: 0x0057869C (32-bit), Flags: Cmdre0, Thread: 0x1ED0 (Main). 

--------------------------------------------------
Стек вызовов:

# 0 0x0042C503 in C:\Program Files\CodeBlocks\CBProjects\Processor\assembler\bin\Debug\assembler.exe: CountLines() at C:/Program Files/CodeBlocks/CBProjects/Processor/assembler/asm_functions.cpp (214):

    212: 
    213:     while(*ch++ != EOF)
=>  214:         if (*ch == '\n')
    215:             lines_count++;
    216: 

# 1 0x0042BB61 in C:\Program Files\CodeBlocks\CBProjects\Processor\assembler\bin\Debug\assembler.exe: ReadUserFile() at C:/Program Files/CodeBlocks/CBProjects/Processor/assembler/asm_functions.cpp (37):

     35: 
     36: 
=>   37:     int countlines_err = CountLines(field->char_buffer, &(field->lines_count));
     38: 
     39:     READFILE_ERROR_CHECK(countlines_err, COUNTLINES_ERROR, input_file);

# 2 0x00458A15 in C:\Program Files\CodeBlocks\CBProjects\Processor\assembler\bin\Debug\assembler.exe: main() at C:/Program Files/CodeBlocks/CBProjects/Processor/assembler/main.cpp (43):

     41:     InitializeMarks(&main_field);
     42: 
=>   43:     int read_err_check = ReadUserFile(USER_FILE_NAME, &main_field);
     44:     ASM_ERROR_CHECK(read_err_check, 1);
     45: 

--------------------------------------------------
Developed with:

The Dumb Artist Library (TX Library)
TXLib [Ver: 00173a, Rev: 171, Date: 2022-07-23 02:08:28 +0400]
Copyright (C) Ded (Ilya Dedinsky, http://txlib.ru) <mail@txlib.ru>
See license on: http://txlib.ru

TXLib file:	c:\program files\codeblocks\codeblocks\mingw\include\txlib.h
Compiled:	Oct 10 2022 21:53:44, GNU g++ 4.8.1, std=201103L, MinGW Runtime 3.20, 32-bit, DEBUG
Started:	Oct 10 2022 22:03:30

Run file:	C:\Program Files\CodeBlocks\CBProjects\Processor\assembler\bin\Debug\assembler.exe
Directory:	C:\Program Files\CodeBlocks\CBProjects\Processor\assembler

--------------------------------------------------

--------------------------------------------------
TXLib соболезнует...

Программа: C:\Program Files\CodeBlocks\CBProjects\Processor\assembler\bin\Debug\assembler.exe,

ВНЕЗАПНО: signal (11, 0x00): SIGSEGV: Доступ по неверному указателю. Ставьте ассерты! 

Нарушение доступа к памяти.

#1: Исключение EXCEPTION_ACCESS_VIOLATION (0xC0000005) при выполнении кода по адресу 0x0042C503 в функции CountLines() в файле C:/Program Files/CodeBlocks/CBProjects/Processor/assembler/asm_functions.cpp на строке 214. Попытка прочесть данные по адресу 0x0135F000 в модуле C:\Program Files\CodeBlocks\CBProjects\Processor\assembler\bin\Debug\assembler.exe. Спасибо _txVectoredExceptionHandler(), что сообщил. Люблю его <3

С помощью функции signal() вы можете сами обработать эту ошибку.

#2: TXLib [Ver: 00173a, Rev: 171, Date: 2022-07-23 02:08:28 +0400], Instance: 0x0057869C (32-bit), Flags: Cmdre0, Thread: 0x1ED0 (Main). 

--------------------------------------------------
Стек вызовов:

# 0 0x0042C503 in C:\Program Files\CodeBlocks\CBProjects\Processor\assembler\bin\Debug\assembler.exe: CountLines() at C:/Program Files/CodeBlocks/CBProjects/Processor/assembler/asm_functions.cpp (214):

    212: 
    213:     while(*ch++ != EOF)
=>  214:         if (*ch == '\n')
    215:             lines_count++;
    216: 

# 1 0x0042BB61 in C:\Program Files\CodeBlocks\CBProjects\Processor\assembler\bin\Debug\assembler.exe: ReadUserFile() at C:/Program Files/CodeBlocks/CBProjects/Processor/assembler/asm_functions.cpp (37):

     35: 
     36: 
=>   37:     int countlines_err = CountLines(field->char_buffer, &(field->lines_count));
     38: 
     39:     READFILE_ERROR_CHECK(countlines_err, COUNTLINES_ERROR, input_file);

# 2 0x00458A15 in C:\Program Files\CodeBlocks\CBProjects\Processor\assembler\bin\Debug\assembler.exe: main() at C:/Program Files/CodeBlocks/CBProjects/Processor/assembler/main.cpp (43):

     41:     InitializeMarks(&main_field);
     42: 
=>   43:     int read_err_check = ReadUserFile(USER_FILE_NAME, &main_field);
     44:     ASM_ERROR_CHECK(read_err_check, 1);
     45: 

--------------------------------------------------
Developed with:

The Dumb Artist Library (TX Library)
TXLib [Ver: 00173a, Rev: 171, Date: 2022-07-23 02:08:28 +0400]
Copyright (C) Ded (Ilya Dedinsky, http://txlib.ru) <mail@txlib.ru>
See license on: http://txlib.ru

TXLib file:	c:\program files\codeblocks\codeblocks\mingw\include\txlib.h
Compiled:	Oct 10 2022 21:53:44, GNU g++ 4.8.1, std=201103L, MinGW Runtime 3.20, 32-bit, DEBUG
Started:	Oct 10 2022 22:03:30

Run file:	C:\Program Files\CodeBlocks\CBProjects\Processor\assembler\bin\Debug\assembler.exe
Directory:	C:\Program Files\CodeBlocks\CBProjects\Processor\assembler

--------------------------------------------------

--------------------------------------------------
TXLib предупреждает:

Программа: C:\Program Files\CodeBlocks\CBProjects\Processor\assembler\bin\Debug\assembler.exe,

ВНЕЗАПНО: Нарушение доступа к памяти.

#1: Исключение EXCEPTION_ACCESS_VIOLATION (0xC0000005) при выполнении кода по адресу 0x0042C503 в функции CountLines() в файле C:/Program Files/CodeBlocks/CBProjects/Processor/assembler/asm_functions.cpp на строке 214. Попытка прочесть данные по адресу 0x0137F000 в модуле C:\Program Files\CodeBlocks\CBProjects\Processor\assembler\bin\Debug\assembler.exe. Спасибо _txVectoredExceptionHandler(), что сообщил. Люблю его <3

#1: TXLib [Ver: 00173a, Rev: 171, Date: 2022-07-23 02:08:28 +0400], Instance: 0x0057869C (32-bit), Flags: Cmdre0, Thread: 0x2F6C (Main). 

--------------------------------------------------
Стек вызовов:

# 0 0x0042C503 in C:\Program Files\CodeBlocks\CBProjects\Processor\assembler\bin\Debug\assembler.exe: CountLines() at C:/Program Files/CodeBlocks/CBProjects/Processor/assembler/asm_functions.cpp (214):

    212: 
    213:     while(*ch++ != EOF)
=>  214:         if (*ch == '\n')
    215:             lines_count++;
    216: 

# 1 0x0042BB61 in C:\Program Files\CodeBlocks\CBProjects\Processor\assembler\bin\Debug\assembler.exe: ReadUserFile() at C:/Program Files/CodeBlocks/CBProjects/Processor/assembler/asm_functions.cpp (37):

     35: 
     36: 
=>   37:     int countlines_err = CountLines(field->char_buffer, &(field->lines_count));
     38: 
     39:     READFILE_ERROR_CHECK(countlines_err, COUNTLINES_ERROR, input_file);

# 2 0x00458A15 in C:\Program Files\CodeBlocks\CBProjects\Processor\assembler\bin\Debug\assembler.exe: main() at C:/Program Files/CodeBlocks/CBProjects/Processor/assembler/main.cpp (43):

     41:     InitializeMarks(&main_field);
     42: 
=>   43:     int read_err_check = ReadUserFile(USER_FILE_NAME, &main_field);
     44:     ASM_ERROR_CHECK(read_err_check, 1);
     45: 

--------------------------------------------------
Developed with:

The Dumb Artist Library (TX Library)
TXLib [Ver: 00173a, Rev: 171, Date: 2022-07-23 02:08:28 +0400]
Copyright (C) Ded (Ilya Dedinsky, http://txlib.ru) <mail@txlib.ru>
See license on: http://txlib.ru

TXLib file:	c:\program files\codeblocks\codeblocks\mingw\include\txlib.h
Compiled:	Oct 10 2022 21:53:44, GNU g++ 4.8.1, std=201103L, MinGW Runtime 3.20, 32-bit, DEBUG
Started:	Oct 10 2022 22:05:21

Run file:	C:\Program Files\CodeBlocks\CBProjects\Processor\assembler\bin\Debug\assembler.exe
Directory:	C:\Program Files\CodeBlocks\CBProjects\Processor\assembler

--------------------------------------------------

--------------------------------------------------
TXLib соболезнует...

Программа: C:\Program Files\CodeBlocks\CBProjects\Processor\assembler\bin\Debug\assembler.exe,

ВНЕЗАПНО: signal (11, 0x00): SIGSEGV: Доступ по неверному указателю. Ставьте ассерты! 

Нарушение доступа к памяти.

#1: Исключение EXCEPTION_ACCESS_VIOLATION (0xC0000005) при выполнении кода по адресу 0x0042C503 в функции CountLines() в файле C:/Program Files/CodeBlocks/CBProjects/Processor/assembler/asm_functions.cpp на строке 214. Попытка прочесть данные по адресу 0x0137F000 в модуле C:\Program Files\CodeBlocks\CBProjects\Processor\assembler\bin\Debug\assembler.exe. Спасибо _txVectoredExceptionHandler(), что сообщил. Люблю его <3

С помощью функции signal() вы можете сами обработать эту ошибку.

#2: TXLib [Ver: 00173a, Rev: 171, Date: 2022-07-23 02:08:28 +0400], Instance: 0x0057869C (32-bit), Flags: Cmdre0, Thread: 0x2F6C (Main). 

--------------------------------------------------
Стек вызовов:

# 0 0x0042C503 in C:\Program Files\CodeBlocks\CBProjects\Processor\assembler\bin\Debug\assembler.exe: CountLines() at C:/Program Files/CodeBlocks/CBProjects/Processor/assembler/asm_functions.cpp (214):

    212: 
    213:     while(*ch++ != EOF)
=>  214:         if (*ch == '\n')
    215:             lines_count++;
    216: 

# 1 0x0042BB61 in C:\Program Files\CodeBlocks\CBProjects\Processor\assembler\bin\Debug\assembler.exe: ReadUserFile() at C:/Program Files/CodeBlocks/CBProjects/Processor/assembler/asm_functions.cpp (37):

     35: 
     36: 
=>   37:     int countlines_err = CountLines(field->char_buffer, &(field->lines_count));
     38: 
     39:     READFILE_ERROR_CHECK(countlines_err, COUNTLINES_ERROR, input_file);

# 2 0x00458A15 in C:\Program Files\CodeBlocks\CBProjects\Processor\assembler\bin\Debug\assembler.exe: main() at C:/Program Files/CodeBlocks/CBProjects/Processor/assembler/main.cpp (43):

     41:     InitializeMarks(&main_field);
     42: 
=>   43:     int read_err_check = ReadUserFile(USER_FILE_NAME, &main_field);
     44:     ASM_ERROR_CHECK(read_err_check, 1);
     45: 

--------------------------------------------------
Developed with:

The Dumb Artist Library (TX Library)
TXLib [Ver: 00173a, Rev: 171, Date: 2022-07-23 02:08:28 +0400]
Copyright (C) Ded (Ilya Dedinsky, http://txlib.ru) <mail@txlib.ru>
See license on: http://txlib.ru

TXLib file:	c:\program files\codeblocks\codeblocks\mingw\include\txlib.h
Compiled:	Oct 10 2022 21:53:44, GNU g++ 4.8.1, std=201103L, MinGW Runtime 3.20, 32-bit, DEBUG
Started:	Oct 10 2022 22:05:21

Run file:	C:\Program Files\CodeBlocks\CBProjects\Processor\assembler\bin\Debug\assembler.exe
Directory:	C:\Program Files\CodeBlocks\CBProjects\Processor\assembler

--------------------------------------------------

--------------------------------------------------
TXLib предупреждает:

Программа: C:\Program Files\CodeBlocks\CBProjects\Processor\assembler\bin\Debug\assembler.exe,

ВНЕЗАПНО: Нарушение доступа к памяти.

#1: Исключение EXCEPTION_ACCESS_VIOLATION (0xC0000005) при выполнении кода по адресу 0x0042C503 в функции CountLines() в файле C:/Program Files/CodeBlocks/CBProjects/Processor/assembler/asm_functions.cpp на строке 214. Попытка прочесть данные по адресу 0x012EF000 в модуле C:\Program Files\CodeBlocks\CBProjects\Processor\assembler\bin\Debug\assembler.exe. Спасибо _txVectoredExceptionHandler(), что сообщил. Люблю его <3

#1: TXLib [Ver: 00173a, Rev: 171, Date: 2022-07-23 02:08:28 +0400], Instance: 0x0057869C (32-bit), Flags: Cmdre0, Thread: 0x271C (Main). 

--------------------------------------------------
Стек вызовов:

# 0 0x0042C503 in C:\Program Files\CodeBlocks\CBProjects\Processor\assembler\bin\Debug\assembler.exe: CountLines() at C:/Program Files/CodeBlocks/CBProjects/Processor/assembler/asm_functions.cpp (214):

    212: 
    213:     while(*ch++ != EOF)
=>  214:         if (*ch == '\n')
    215:             lines_count++;
    216: 

# 1 0x0042BB61 in C:\Program Files\CodeBlocks\CBProjects\Processor\assembler\bin\Debug\assembler.exe: ReadUserFile() at C:/Program Files/CodeBlocks/CBProjects/Processor/assembler/asm_functions.cpp (37):

     35: 
     36: 
=>   37:     int countlines_err = CountLines(field->char_buffer, &(field->lines_count));
     38: 
     39:     READFILE_ERROR_CHECK(countlines_err, COUNTLINES_ERROR, input_file);

# 2 0x00458A15 in C:\Program Files\CodeBlocks\CBProjects\Processor\assembler\bin\Debug\assembler.exe: main() at C:/Program Files/CodeBlocks/CBProjects/Processor/assembler/main.cpp (43):

     41:     InitializeMarks(&main_field);
     42: 
=>   43:     int read_err_check = ReadUserFile(USER_FILE_NAME, &main_field);
     44:     ASM_ERROR_CHECK(read_err_check, 1);
     45: 

--------------------------------------------------
Developed with:

The Dumb Artist Library (TX Library)
TXLib [Ver: 00173a, Rev: 171, Date: 2022-07-23 02:08:28 +0400]
Copyright (C) Ded (Ilya Dedinsky, http://txlib.ru) <mail@txlib.ru>
See license on: http://txlib.ru

TXLib file:	c:\program files\codeblocks\codeblocks\mingw\include\txlib.h
Compiled:	Oct 10 2022 21:53:44, GNU g++ 4.8.1, std=201103L, MinGW Runtime 3.20, 32-bit, DEBUG
Started:	Oct 10 2022 22:05:47

Run file:	C:\Program Files\CodeBlocks\CBProjects\Processor\assembler\bin\Debug\assembler.exe
Directory:	C:\Program Files\CodeBlocks\CBProjects\Processor\assembler

--------------------------------------------------

--------------------------------------------------
TXLib соболезнует...

Программа: C:\Program Files\CodeBlocks\CBProjects\Processor\assembler\bin\Debug\assembler.exe,

ВНЕЗАПНО: signal (11, 0x00): SIGSEGV: Доступ по неверному указателю. Ставьте ассерты! 

Нарушение доступа к памяти.

#1: Исключение EXCEPTION_ACCESS_VIOLATION (0xC0000005) при выполнении кода по адресу 0x0042C503 в функции CountLines() в файле C:/Program Files/CodeBlocks/CBProjects/Processor/assembler/asm_functions.cpp на строке 214. Попытка прочесть данные по адресу 0x012EF000 в модуле C:\Program Files\CodeBlocks\CBProjects\Processor\assembler\bin\Debug\assembler.exe. Спасибо _txVectoredExceptionHandler(), что сообщил. Люблю его <3

С помощью функции signal() вы можете сами обработать эту ошибку.

#2: TXLib [Ver: 00173a, Rev: 171, Date: 2022-07-23 02:08:28 +0400], Instance: 0x0057869C (32-bit), Flags: Cmdre0, Thread: 0x271C (Main). 

--------------------------------------------------
Стек вызовов:

# 0 0x0042C503 in C:\Program Files\CodeBlocks\CBProjects\Processor\assembler\bin\Debug\assembler.exe: CountLines() at C:/Program Files/CodeBlocks/CBProjects/Processor/assembler/asm_functions.cpp (214):

    212: 
    213:     while(*ch++ != EOF)
=>  214:         if (*ch == '\n')
    215:             lines_count++;
    216: 

# 1 0x0042BB61 in C:\Program Files\CodeBlocks\CBProjects\Processor\assembler\bin\Debug\assembler.exe: ReadUserFile() at C:/Program Files/CodeBlocks/CBProjects/Processor/assembler/asm_functions.cpp (37):

     35: 
     36: 
=>   37:     int countlines_err = CountLines(field->char_buffer, &(field->lines_count));
     38: 
     39:     READFILE_ERROR_CHECK(countlines_err, COUNTLINES_ERROR, input_file);

# 2 0x00458A15 in C:\Program Files\CodeBlocks\CBProjects\Processor\assembler\bin\Debug\assembler.exe: main() at C:/Program Files/CodeBlocks/CBProjects/Processor/assembler/main.cpp (43):

     41:     InitializeMarks(&main_field);
     42: 
=>   43:     int read_err_check = ReadUserFile(USER_FILE_NAME, &main_field);
     44:     ASM_ERROR_CHECK(read_err_check, 1);
     45: 

--------------------------------------------------
Developed with:

The Dumb Artist Library (TX Library)
TXLib [Ver: 00173a, Rev: 171, Date: 2022-07-23 02:08:28 +0400]
Copyright (C) Ded (Ilya Dedinsky, http://txlib.ru) <mail@txlib.ru>
See license on: http://txlib.ru

TXLib file:	c:\program files\codeblocks\codeblocks\mingw\include\txlib.h
Compiled:	Oct 10 2022 21:53:44, GNU g++ 4.8.1, std=201103L, MinGW Runtime 3.20, 32-bit, DEBUG
Started:	Oct 10 2022 22:05:47

Run file:	C:\Program Files\CodeBlocks\CBProjects\Processor\assembler\bin\Debug\assembler.exe
Directory:	C:\Program Files\CodeBlocks\CBProjects\Processor\assembler

--------------------------------------------------

--------------------------------------------------
TXLib предупреждает:

Программа: C:\Program Files\CodeBlocks\CBProjects\Processor\assembler\bin\Debug\assembler.exe,

ВНЕЗАПНО: Нарушение доступа к памяти.

#1: Исключение EXCEPTION_ACCESS_VIOLATION (0xC0000005) при выполнении кода по адресу 0x0042C503 в функции CountLines() в файле C:/Program Files/CodeBlocks/CBProjects/Processor/assembler/asm_functions.cpp на строке 214. Попытка прочесть данные по адресу 0x0133F000 в модуле C:\Program Files\CodeBlocks\CBProjects\Processor\assembler\bin\Debug\assembler.exe. Спасибо _txVectoredExceptionHandler(), что сообщил. Люблю его <3

#1: TXLib [Ver: 00173a, Rev: 171, Date: 2022-07-23 02:08:28 +0400], Instance: 0x0057869C (32-bit), Flags: Cmdre0, Thread: 0x302C (Main). 

--------------------------------------------------
Стек вызовов:

# 0 0x0042C503 in C:\Program Files\CodeBlocks\CBProjects\Processor\assembler\bin\Debug\assembler.exe: CountLines() at C:/Program Files/CodeBlocks/CBProjects/Processor/assembler/asm_functions.cpp (214):

    212: 
    213:     while(*ch++ != EOF)
=>  214:         if (*ch == '\n')
    215:             lines_count++;
    216: 

# 1 0x0042BB61 in C:\Program Files\CodeBlocks\CBProjects\Processor\assembler\bin\Debug\assembler.exe: ReadUserFile() at C:/Program Files/CodeBlocks/CBProjects/Processor/assembler/asm_functions.cpp (37):

     35: 
     36: 
=>   37:     int countlines_err = CountLines(field->char_buffer, &(field->lines_count));
     38: 
     39:     READFILE_ERROR_CHECK(countlines_err, COUNTLINES_ERROR, input_file);

# 2 0x00458A15 in C:\Program Files\CodeBlocks\CBProjects\Processor\assembler\bin\Debug\assembler.exe: main() at C:/Program Files/CodeBlocks/CBProjects/Processor/assembler/main.cpp (43):

     41:     InitializeMarks(&main_field);
     42: 
=>   43:     int read_err_check = ReadUserFile(USER_FILE_NAME, &main_field);
     44:     ASM_ERROR_CHECK(read_err_check, 1);
     45: 

--------------------------------------------------
Developed with:

The Dumb Artist Library (TX Library)
TXLib [Ver: 00173a, Rev: 171, Date: 2022-07-23 02:08:28 +0400]
Copyright (C) Ded (Ilya Dedinsky, http://txlib.ru) <mail@txlib.ru>
See license on: http://txlib.ru

TXLib file:	c:\program files\codeblocks\codeblocks\mingw\include\txlib.h
Compiled:	Oct 10 2022 21:53:44, GNU g++ 4.8.1, std=201103L, MinGW Runtime 3.20, 32-bit, DEBUG
Started:	Oct 10 2022 22:07:11

Run file:	C:\Program Files\CodeBlocks\CBProjects\Processor\assembler\bin\Debug\assembler.exe
Directory:	C:\Program Files\CodeBlocks\CBProjects\Processor\assembler

--------------------------------------------------

--------------------------------------------------
TXLib соболезнует...

Программа: C:\Program Files\CodeBlocks\CBProjects\Processor\assembler\bin\Debug\assembler.exe,

ВНЕЗАПНО: signal (11, 0x00): SIGSEGV: Доступ по неверному указателю. Ставьте ассерты! 

Нарушение доступа к памяти.

#1: Исключение EXCEPTION_ACCESS_VIOLATION (0xC0000005) при выполнении кода по адресу 0x0042C503 в функции CountLines() в файле C:/Program Files/CodeBlocks/CBProjects/Processor/assembler/asm_functions.cpp на строке 214. Попытка прочесть данные по адресу 0x0133F000 в модуле C:\Program Files\CodeBlocks\CBProjects\Processor\assembler\bin\Debug\assembler.exe. Спасибо _txVectoredExceptionHandler(), что сообщил. Люблю его <3

С помощью функции signal() вы можете сами обработать эту ошибку.

#2: TXLib [Ver: 00173a, Rev: 171, Date: 2022-07-23 02:08:28 +0400], Instance: 0x0057869C (32-bit), Flags: Cmdre0, Thread: 0x302C (Main). 

--------------------------------------------------
Стек вызовов:

# 0 0x0042C503 in C:\Program Files\CodeBlocks\CBProjects\Processor\assembler\bin\Debug\assembler.exe: CountLines() at C:/Program Files/CodeBlocks/CBProjects/Processor/assembler/asm_functions.cpp (214):

    212: 
    213:     while(*ch++ != EOF)
=>  214:         if (*ch == '\n')
    215:             lines_count++;
    216: 

# 1 0x0042BB61 in C:\Program Files\CodeBlocks\CBProjects\Processor\assembler\bin\Debug\assembler.exe: ReadUserFile() at C:/Program Files/CodeBlocks/CBProjects/Processor/assembler/asm_functions.cpp (37):

     35: 
     36: 
=>   37:     int countlines_err = CountLines(field->char_buffer, &(field->lines_count));
     38: 
     39:     READFILE_ERROR_CHECK(countlines_err, COUNTLINES_ERROR, input_file);

# 2 0x00458A15 in C:\Program Files\CodeBlocks\CBProjects\Processor\assembler\bin\Debug\assembler.exe: main() at C:/Program Files/CodeBlocks/CBProjects/Processor/assembler/main.cpp (43):

     41:     InitializeMarks(&main_field);
     42: 
=>   43:     int read_err_check = ReadUserFile(USER_FILE_NAME, &main_field);
     44:     ASM_ERROR_CHECK(read_err_check, 1);
     45: 

--------------------------------------------------
Developed with:

The Dumb Artist Library (TX Library)
TXLib [Ver: 00173a, Rev: 171, Date: 2022-07-23 02:08:28 +0400]
Copyright (C) Ded (Ilya Dedinsky, http://txlib.ru) <mail@txlib.ru>
See license on: http://txlib.ru

TXLib file:	c:\program files\codeblocks\codeblocks\mingw\include\txlib.h
Compiled:	Oct 10 2022 21:53:44, GNU g++ 4.8.1, std=201103L, MinGW Runtime 3.20, 32-bit, DEBUG
Started:	Oct 10 2022 22:07:11

Run file:	C:\Program Files\CodeBlocks\CBProjects\Processor\assembler\bin\Debug\assembler.exe
Directory:	C:\Program Files\CodeBlocks\CBProjects\Processor\assembler

--------------------------------------------------

--------------------------------------------------
TXLib предупреждает:

Программа: C:\Program Files\CodeBlocks\CBProjects\Processor\assembler\bin\Debug\assembler.exe,

ВНЕЗАПНО: Нарушение доступа к памяти.

#1: Исключение EXCEPTION_ACCESS_VIOLATION (0xC0000005) при выполнении кода по адресу 0x0042C6B9 в функции CountLines() в файле C:/Program Files/CodeBlocks/CBProjects/Processor/assembler/asm_functions.cpp на строке 199. Попытка прочесть данные по адресу 0x00C1F000 в модуле C:\Program Files\CodeBlocks\CBProjects\Processor\assembler\bin\Debug\assembler.exe. Спасибо _txVectoredExceptionHandler(), что сообщил. Люблю его <3

#1: TXLib [Ver: 00173a, Rev: 171, Date: 2022-07-23 02:08:28 +0400], Instance: 0x0057869C (32-bit), Flags: Cmdre0, Thread: 0x2774 (Main). 

--------------------------------------------------
Стек вызовов:

# 0 0x0042C6B9 in C:\Program Files\CodeBlocks\CBProjects\Processor\assembler\bin\Debug\assembler.exe: CountLines() at C:/Program Files/CodeBlocks/CBProjects/Processor/assembler/asm_functions.cpp (199):

    197: 
    198:     while(*ch++ != EOF)
=>  199:         if (*ch == '\n')
    200:             lines_count++;
    201: 

# 1 0x0042BB61 in C:\Program Files\CodeBlocks\CBProjects\Processor\assembler\bin\Debug\assembler.exe: ReadUserFile() at C:/Program Files/CodeBlocks/CBProjects/Processor/assembler/asm_functions.cpp (37):

     35: 
     36: 
=>   37:     int countlines_err = CountLines(field->char_buffer, &(field->lines_count));
     38: 
     39:     READFILE_ERROR_CHECK(countlines_err, COUNTLINES_ERROR, input_file);

# 2 0x00458BE1 in C:\Program Files\CodeBlocks\CBProjects\Processor\assembler\bin\Debug\assembler.exe: main() at C:/Program Files/CodeBlocks/CBProjects/Processor/assembler/main.cpp (43):

     41:     InitializeMarks(&main_field);
     42: 
=>   43:     int read_err_check = ReadUserFile(USER_FILE_NAME, &main_field);
     44:     ASM_ERROR_CHECK(read_err_check, 1);
     45: 

--------------------------------------------------
Developed with:

The Dumb Artist Library (TX Library)
TXLib [Ver: 00173a, Rev: 171, Date: 2022-07-23 02:08:28 +0400]
Copyright (C) Ded (Ilya Dedinsky, http://txlib.ru) <mail@txlib.ru>
See license on: http://txlib.ru

TXLib file:	c:\program files\codeblocks\codeblocks\mingw\include\txlib.h
Compiled:	Oct 11 2022 22:51:31, GNU g++ 4.8.1, std=201103L, MinGW Runtime 3.20, 32-bit, DEBUG
Started:	Oct 11 2022 22:51:37

Run file:	C:\Program Files\CodeBlocks\CBProjects\Processor\assembler\bin\Debug\assembler.exe
Directory:	C:\Program Files\CodeBlocks\CBProjects\Processor\assembler

--------------------------------------------------

--------------------------------------------------
TXLib соболезнует...

Программа: C:\Program Files\CodeBlocks\CBProjects\Processor\assembler\bin\Debug\assembler.exe,

ВНЕЗАПНО: signal (11, 0x00): SIGSEGV: Доступ по неверному указателю. Ставьте ассерты! 

Нарушение доступа к памяти.

#1: Исключение EXCEPTION_ACCESS_VIOLATION (0xC0000005) при выполнении кода по адресу 0x0042C6B9 в функции CountLines() в файле C:/Program Files/CodeBlocks/CBProjects/Processor/assembler/asm_functions.cpp на строке 199. Попытка прочесть данные по адресу 0x00C1F000 в модуле C:\Program Files\CodeBlocks\CBProjects\Processor\assembler\bin\Debug\assembler.exe. Спасибо _txVectoredExceptionHandler(), что сообщил. Люблю его <3

С помощью функции signal() вы можете сами обработать эту ошибку.

#2: TXLib [Ver: 00173a, Rev: 171, Date: 2022-07-23 02:08:28 +0400], Instance: 0x0057869C (32-bit), Flags: Cmdre0, Thread: 0x2774 (Main). 

--------------------------------------------------
Стек вызовов:

# 0 0x0042C6B9 in C:\Program Files\CodeBlocks\CBProjects\Processor\assembler\bin\Debug\assembler.exe: CountLines() at C:/Program Files/CodeBlocks/CBProjects/Processor/assembler/asm_functions.cpp (199):

    197: 
    198:     while(*ch++ != EOF)
=>  199:         if (*ch == '\n')
    200:             lines_count++;
    201: 

# 1 0x0042BB61 in C:\Program Files\CodeBlocks\CBProjects\Processor\assembler\bin\Debug\assembler.exe: ReadUserFile() at C:/Program Files/CodeBlocks/CBProjects/Processor/assembler/asm_functions.cpp (37):

     35: 
     36: 
=>   37:     int countlines_err = CountLines(field->char_buffer, &(field->lines_count));
     38: 
     39:     READFILE_ERROR_CHECK(countlines_err, COUNTLINES_ERROR, input_file);

# 2 0x00458BE1 in C:\Program Files\CodeBlocks\CBProjects\Processor\assembler\bin\Debug\assembler.exe: main() at C:/Program Files/CodeBlocks/CBProjects/Processor/assembler/main.cpp (43):

     41:     InitializeMarks(&main_field);
     42: 
=>   43:     int read_err_check = ReadUserFile(USER_FILE_NAME, &main_field);
     44:     ASM_ERROR_CHECK(read_err_check, 1);
     45: 

--------------------------------------------------
Developed with:

The Dumb Artist Library (TX Library)
TXLib [Ver: 00173a, Rev: 171, Date: 2022-07-23 02:08:28 +0400]
Copyright (C) Ded (Ilya Dedinsky, http://txlib.ru) <mail@txlib.ru>
See license on: http://txlib.ru

TXLib file:	c:\program files\codeblocks\codeblocks\mingw\include\txlib.h
Compiled:	Oct 11 2022 22:51:31, GNU g++ 4.8.1, std=201103L, MinGW Runtime 3.20, 32-bit, DEBUG
Started:	Oct 11 2022 22:51:37

Run file:	C:\Program Files\CodeBlocks\CBProjects\Processor\assembler\bin\Debug\assembler.exe
Directory:	C:\Program Files\CodeBlocks\CBProjects\Processor\assembler

--------------------------------------------------

--------------------------------------------------
TXLib предупреждает:

Программа: C:\Program Files\CodeBlocks\CBProjects\Processor\assembler\bin\Debug\assembler.exe,

ВНЕЗАПНО: Нарушение доступа к памяти.

#1: Исключение EXCEPTION_ACCESS_VIOLATION (0xC0000005) при выполнении кода по адресу 0x0042C6B9 в функции CountLines() в файле C:/Program Files/CodeBlocks/CBProjects/Processor/assembler/asm_functions.cpp на строке 199. Попытка прочесть данные по адресу 0x00DDF000 в модуле C:\Program Files\CodeBlocks\CBProjects\Processor\assembler\bin\Debug\assembler.exe. Спасибо _txVectoredExceptionHandler(), что сообщил. Люблю его <3

#1: TXLib [Ver: 00173a, Rev: 171, Date: 2022-07-23 02:08:28 +0400], Instance: 0x0057869C (32-bit), Flags: Cmdre0, Thread: 0x154 (Main). 

--------------------------------------------------
Стек вызовов:

# 0 0x0042C6B9 in C:\Program Files\CodeBlocks\CBProjects\Processor\assembler\bin\Debug\assembler.exe: CountLines() at C:/Program Files/CodeBlocks/CBProjects/Processor/assembler/asm_functions.cpp (199):

    197: 
    198:     while(*ch++ != EOF)
=>  199:         if (*ch == '\n')
    200:             lines_count++;
    201: 

# 1 0x0042BB61 in C:\Program Files\CodeBlocks\CBProjects\Processor\assembler\bin\Debug\assembler.exe: ReadUserFile() at C:/Program Files/CodeBlocks/CBProjects/Processor/assembler/asm_functions.cpp (37):

     35: 
     36: 
=>   37:     int countlines_err = CountLines(field->char_buffer, &(field->lines_count));
     38: 
     39:     READFILE_ERROR_CHECK(countlines_err, COUNTLINES_ERROR, input_file);

# 2 0x00458BE1 in C:\Program Files\CodeBlocks\CBProjects\Processor\assembler\bin\Debug\assembler.exe: main() at C:/Program Files/CodeBlocks/CBProjects/Processor/assembler/main.cpp (43):

     41:     InitializeMarks(&main_field);
     42: 
=>   43:     int read_err_check = ReadUserFile(USER_FILE_NAME, &main_field);
     44:     ASM_ERROR_CHECK(read_err_check, 1);
     45: 

--------------------------------------------------
Developed with:

The Dumb Artist Library (TX Library)
TXLib [Ver: 00173a, Rev: 171, Date: 2022-07-23 02:08:28 +0400]
Copyright (C) Ded (Ilya Dedinsky, http://txlib.ru) <mail@txlib.ru>
See license on: http://txlib.ru

TXLib file:	c:\program files\codeblocks\codeblocks\mingw\include\txlib.h
Compiled:	Oct 11 2022 22:51:31, GNU g++ 4.8.1, std=201103L, MinGW Runtime 3.20, 32-bit, DEBUG
Started:	Oct 11 2022 22:51:58

Run file:	C:\Program Files\CodeBlocks\CBProjects\Processor\assembler\bin\Debug\assembler.exe
Directory:	C:\Program Files\CodeBlocks\CBProjects\Processor\assembler

--------------------------------------------------

--------------------------------------------------
TXLib соболезнует...

Программа: C:\Program Files\CodeBlocks\CBProjects\Processor\assembler\bin\Debug\assembler.exe,

ВНЕЗАПНО: signal (11, 0x00): SIGSEGV: Доступ по неверному указателю. Ставьте ассерты! 

Нарушение доступа к памяти.

#1: Исключение EXCEPTION_ACCESS_VIOLATION (0xC0000005) при выполнении кода по адресу 0x0042C6B9 в функции CountLines() в файле C:/Program Files/CodeBlocks/CBProjects/Processor/assembler/asm_functions.cpp на строке 199. Попытка прочесть данные по адресу 0x00DDF000 в модуле C:\Program Files\CodeBlocks\CBProjects\Processor\assembler\bin\Debug\assembler.exe. Спасибо _txVectoredExceptionHandler(), что сообщил. Люблю его <3

С помощью функции signal() вы можете сами обработать эту ошибку.

#2: TXLib [Ver: 00173a, Rev: 171, Date: 2022-07-23 02:08:28 +0400], Instance: 0x0057869C (32-bit), Flags: Cmdre0, Thread: 0x154 (Main). 

--------------------------------------------------
Стек вызовов:

# 0 0x0042C6B9 in C:\Program Files\CodeBlocks\CBProjects\Processor\assembler\bin\Debug\assembler.exe: CountLines() at C:/Program Files/CodeBlocks/CBProjects/Processor/assembler/asm_functions.cpp (199):

    197: 
    198:     while(*ch++ != EOF)
=>  199:         if (*ch == '\n')
    200:             lines_count++;
    201: 

# 1 0x0042BB61 in C:\Program Files\CodeBlocks\CBProjects\Processor\assembler\bin\Debug\assembler.exe: ReadUserFile() at C:/Program Files/CodeBlocks/CBProjects/Processor/assembler/asm_functions.cpp (37):

     35: 
     36: 
=>   37:     int countlines_err = CountLines(field->char_buffer, &(field->lines_count));
     38: 
     39:     READFILE_ERROR_CHECK(countlines_err, COUNTLINES_ERROR, input_file);

# 2 0x00458BE1 in C:\Program Files\CodeBlocks\CBProjects\Processor\assembler\bin\Debug\assembler.exe: main() at C:/Program Files/CodeBlocks/CBProjects/Processor/assembler/main.cpp (43):

     41:     InitializeMarks(&main_field);
     42: 
=>   43:     int read_err_check = ReadUserFile(USER_FILE_NAME, &main_field);
     44:     ASM_ERROR_CHECK(read_err_check, 1);
     45: 

--------------------------------------------------
Developed with:

The Dumb Artist Library (TX Library)
TXLib [Ver: 00173a, Rev: 171, Date: 2022-07-23 02:08:28 +0400]
Copyright (C) Ded (Ilya Dedinsky, http://txlib.ru) <mail@txlib.ru>
See license on: http://txlib.ru

TXLib file:	c:\program files\codeblocks\codeblocks\mingw\include\txlib.h
Compiled:	Oct 11 2022 22:51:31, GNU g++ 4.8.1, std=201103L, MinGW Runtime 3.20, 32-bit, DEBUG
Started:	Oct 11 2022 22:51:58

Run file:	C:\Program Files\CodeBlocks\CBProjects\Processor\assembler\bin\Debug\assembler.exe
Directory:	C:\Program Files\CodeBlocks\CBProjects\Processor\assembler

--------------------------------------------------

--------------------------------------------------
TXLib предупреждает:

Программа: C:\Program Files\CodeBlocks\CBProjects\Processor\assembler\bin\Debug\assembler.exe,

ВНЕЗАПНО: Нарушение доступа к памяти.

#1: Исключение EXCEPTION_ACCESS_VIOLATION (0xC0000005) при выполнении кода по адресу 0x0042C9DE в функции CountLines() в файле C:/Program Files/CodeBlocks/CBProjects/Processor/assembler/asm_functions.cpp на строке 199. Попытка прочесть данные по адресу 0x0128F000 в модуле C:\Program Files\CodeBlocks\CBProjects\Processor\assembler\bin\Debug\assembler.exe. Спасибо _txVectoredExceptionHandler(), что сообщил. Люблю его <3

#1: TXLib [Ver: 00173a, Rev: 171, Date: 2022-07-23 02:08:28 +0400], Instance: 0x0057A69C (32-bit), Flags: Cmdre0, Thread: 0x1FFC (Main). 

--------------------------------------------------
Стек вызовов:

# 0 0x0042C9DE in C:\Program Files\CodeBlocks\CBProjects\Processor\assembler\bin\Debug\assembler.exe: CountLines() at C:/Program Files/CodeBlocks/CBProjects/Processor/assembler/asm_functions.cpp (199):

    197: 
    198:     while(*ch++ != EOF)
=>  199:         if (*ch == '\n')
    200:             lines_count++;
    201: 

# 1 0x0042BB61 in C:\Program Files\CodeBlocks\CBProjects\Processor\assembler\bin\Debug\assembler.exe: ReadUserFile() at C:/Program Files/CodeBlocks/CBProjects/Processor/assembler/asm_functions.cpp (39):

     37: 
     38: 
=>   39:     int countlines_err = CountLines(field->char_buffer, &(field->lines_count));
     40: 
     41:     READFILE_ERROR_CHECK(countlines_err, COUNTLINES_ERROR, input_file);

# 2 0x00458F31 in C:\Program Files\CodeBlocks\CBProjects\Processor\assembler\bin\Debug\assembler.exe: main() at C:/Program Files/CodeBlocks/CBProjects/Processor/assembler/main.cpp (39):

     37:     InitializeMarks(&main_field);
     38: 
=>   39:     int read_err_check = ReadUserFile(USER_FILE_NAME, &main_field);
     40:     ASM_ERROR_CHECK(read_err_check, 1);
     41: 

--------------------------------------------------
Developed with:

The Dumb Artist Library (TX Library)
TXLib [Ver: 00173a, Rev: 171, Date: 2022-07-23 02:08:28 +0400]
Copyright (C) Ded (Ilya Dedinsky, http://txlib.ru) <mail@txlib.ru>
See license on: http://txlib.ru

TXLib file:	c:\program files\codeblocks\codeblocks\mingw\include\txlib.h
Compiled:	Oct 12 2022 17:44:38, GNU g++ 4.8.1, std=201103L, MinGW Runtime 3.20, 32-bit, DEBUG
Started:	Oct 12 2022 17:44:48

Run file:	C:\Program Files\CodeBlocks\CBProjects\Processor\assembler\bin\Debug\assembler.exe
Directory:	C:\Program Files\CodeBlocks\CBProjects\Processor\assembler

--------------------------------------------------

--------------------------------------------------
TXLib соболезнует...

Программа: C:\Program Files\CodeBlocks\CBProjects\Processor\assembler\bin\Debug\assembler.exe,

ВНЕЗАПНО: signal (11, 0x00): SIGSEGV: Доступ по неверному указателю. Ставьте ассерты! 

Нарушение доступа к памяти.

#1: Исключение EXCEPTION_ACCESS_VIOLATION (0xC0000005) при выполнении кода по адресу 0x0042C9DE в функции CountLines() в файле C:/Program Files/CodeBlocks/CBProjects/Processor/assembler/asm_functions.cpp на строке 199. Попытка прочесть данные по адресу 0x0128F000 в модуле C:\Program Files\CodeBlocks\CBProjects\Processor\assembler\bin\Debug\assembler.exe. Спасибо _txVectoredExceptionHandler(), что сообщил. Люблю его <3

С помощью функции signal() вы можете сами обработать эту ошибку.

#2: TXLib [Ver: 00173a, Rev: 171, Date: 2022-07-23 02:08:28 +0400], Instance: 0x0057A69C (32-bit), Flags: Cmdre0, Thread: 0x1FFC (Main). 

--------------------------------------------------
Стек вызовов:

# 0 0x0042C9DE in C:\Program Files\CodeBlocks\CBProjects\Processor\assembler\bin\Debug\assembler.exe: CountLines() at C:/Program Files/CodeBlocks/CBProjects/Processor/assembler/asm_functions.cpp (199):

    197: 
    198:     while(*ch++ != EOF)
=>  199:         if (*ch == '\n')
    200:             lines_count++;
    201: 

# 1 0x0042BB61 in C:\Program Files\CodeBlocks\CBProjects\Processor\assembler\bin\Debug\assembler.exe: ReadUserFile() at C:/Program Files/CodeBlocks/CBProjects/Processor/assembler/asm_functions.cpp (39):

     37: 
     38: 
=>   39:     int countlines_err = CountLines(field->char_buffer, &(field->lines_count));
     40: 
     41:     READFILE_ERROR_CHECK(countlines_err, COUNTLINES_ERROR, input_file);

# 2 0x00458F31 in C:\Program Files\CodeBlocks\CBProjects\Processor\assembler\bin\Debug\assembler.exe: main() at C:/Program Files/CodeBlocks/CBProjects/Processor/assembler/main.cpp (39):

     37:     InitializeMarks(&main_field);
     38: 
=>   39:     int read_err_check = ReadUserFile(USER_FILE_NAME, &main_field);
     40:     ASM_ERROR_CHECK(read_err_check, 1);
     41: 

--------------------------------------------------
Developed with:

The Dumb Artist Library (TX Library)
TXLib [Ver: 00173a, Rev: 171, Date: 2022-07-23 02:08:28 +0400]
Copyright (C) Ded (Ilya Dedinsky, http://txlib.ru) <mail@txlib.ru>
See license on: http://txlib.ru

TXLib file:	c:\program files\codeblocks\codeblocks\mingw\include\txlib.h
Compiled:	Oct 12 2022 17:44:38, GNU g++ 4.8.1, std=201103L, MinGW Runtime 3.20, 32-bit, DEBUG
Started:	Oct 12 2022 17:44:48

Run file:	C:\Program Files\CodeBlocks\CBProjects\Processor\assembler\bin\Debug\assembler.exe
Directory:	C:\Program Files\CodeBlocks\CBProjects\Processor\assembler

--------------------------------------------------

--------------------------------------------------
TXLib предупреждает:

Программа: C:\Program Files\CodeBlocks\CBProjects\Processor\assembler\bin\Debug\assembler.exe,

ВНЕЗАПНО: Нарушение доступа к памяти.

#1: Исключение EXCEPTION_ACCESS_VIOLATION (0xC0000005) при выполнении кода по адресу 0x0042C9DE в функции CountLines() в файле C:/Program Files/CodeBlocks/CBProjects/Processor/assembler/asm_functions.cpp на строке 199. Попытка прочесть данные по адресу 0x013CF000 в модуле C:\Program Files\CodeBlocks\CBProjects\Processor\assembler\bin\Debug\assembler.exe. Спасибо _txVectoredExceptionHandler(), что сообщил. Люблю его <3

#1: TXLib [Ver: 00173a, Rev: 171, Date: 2022-07-23 02:08:28 +0400], Instance: 0x0057A69C (32-bit), Flags: Cmdre0, Thread: 0x24B0 (Main). 

--------------------------------------------------
Стек вызовов:

# 0 0x0042C9DE in C:\Program Files\CodeBlocks\CBProjects\Processor\assembler\bin\Debug\assembler.exe: CountLines() at C:/Program Files/CodeBlocks/CBProjects/Processor/assembler/asm_functions.cpp (199):

    197: 
    198:     while(*ch++ != EOF)
=>  199:         if (*ch == '\n')
    200:             lines_count++;
    201: 

# 1 0x0042BB61 in C:\Program Files\CodeBlocks\CBProjects\Processor\assembler\bin\Debug\assembler.exe: ReadUserFile() at C:/Program Files/CodeBlocks/CBProjects/Processor/assembler/asm_functions.cpp (39):

     37: 
     38: 
=>   39:     int countlines_err = CountLines(field->char_buffer, &(field->lines_count));
     40: 
     41:     READFILE_ERROR_CHECK(countlines_err, COUNTLINES_ERROR, input_file);

# 2 0x00458F31 in C:\Program Files\CodeBlocks\CBProjects\Processor\assembler\bin\Debug\assembler.exe: main() at C:/Program Files/CodeBlocks/CBProjects/Processor/assembler/main.cpp (39):

     37:     InitializeMarks(&main_field);
     38: 
=>   39:     int read_err_check = ReadUserFile(USER_FILE_NAME, &main_field);
     40:     ASM_ERROR_CHECK(read_err_check, 1);
     41: 

--------------------------------------------------
Developed with:

The Dumb Artist Library (TX Library)
TXLib [Ver: 00173a, Rev: 171, Date: 2022-07-23 02:08:28 +0400]
Copyright (C) Ded (Ilya Dedinsky, http://txlib.ru) <mail@txlib.ru>
See license on: http://txlib.ru

TXLib file:	c:\program files\codeblocks\codeblocks\mingw\include\txlib.h
Compiled:	Oct 12 2022 17:48:53, GNU g++ 4.8.1, std=201103L, MinGW Runtime 3.20, 32-bit, DEBUG
Started:	Oct 12 2022 17:49:26

Run file:	C:\Program Files\CodeBlocks\CBProjects\Processor\assembler\bin\Debug\assembler.exe
Directory:	C:\Program Files\CodeBlocks\CBProjects\Processor\assembler

--------------------------------------------------

--------------------------------------------------
TXLib соболезнует...

Программа: C:\Program Files\CodeBlocks\CBProjects\Processor\assembler\bin\Debug\assembler.exe,

ВНЕЗАПНО: signal (11, 0x00): SIGSEGV: Доступ по неверному указателю. Ставьте ассерты! 

Нарушение доступа к памяти.

#1: Исключение EXCEPTION_ACCESS_VIOLATION (0xC0000005) при выполнении кода по адресу 0x0042C9DE в функции CountLines() в файле C:/Program Files/CodeBlocks/CBProjects/Processor/assembler/asm_functions.cpp на строке 199. Попытка прочесть данные по адресу 0x013CF000 в модуле C:\Program Files\CodeBlocks\CBProjects\Processor\assembler\bin\Debug\assembler.exe. Спасибо _txVectoredExceptionHandler(), что сообщил. Люблю его <3

С помощью функции signal() вы можете сами обработать эту ошибку.

#2: TXLib [Ver: 00173a, Rev: 171, Date: 2022-07-23 02:08:28 +0400], Instance: 0x0057A69C (32-bit), Flags: Cmdre0, Thread: 0x24B0 (Main). 

--------------------------------------------------
Стек вызовов:

# 0 0x0042C9DE in C:\Program Files\CodeBlocks\CBProjects\Processor\assembler\bin\Debug\assembler.exe: CountLines() at C:/Program Files/CodeBlocks/CBProjects/Processor/assembler/asm_functions.cpp (199):

    197: 
    198:     while(*ch++ != EOF)
=>  199:         if (*ch == '\n')
    200:             lines_count++;
    201: 

# 1 0x0042BB61 in C:\Program Files\CodeBlocks\CBProjects\Processor\assembler\bin\Debug\assembler.exe: ReadUserFile() at C:/Program Files/CodeBlocks/CBProjects/Processor/assembler/asm_functions.cpp (39):

     37: 
     38: 
=>   39:     int countlines_err = CountLines(field->char_buffer, &(field->lines_count));
     40: 
     41:     READFILE_ERROR_CHECK(countlines_err, COUNTLINES_ERROR, input_file);

# 2 0x00458F31 in C:\Program Files\CodeBlocks\CBProjects\Processor\assembler\bin\Debug\assembler.exe: main() at C:/Program Files/CodeBlocks/CBProjects/Processor/assembler/main.cpp (39):

     37:     InitializeMarks(&main_field);
     38: 
=>   39:     int read_err_check = ReadUserFile(USER_FILE_NAME, &main_field);
     40:     ASM_ERROR_CHECK(read_err_check, 1);
     41: 

--------------------------------------------------
Developed with:

The Dumb Artist Library (TX Library)
TXLib [Ver: 00173a, Rev: 171, Date: 2022-07-23 02:08:28 +0400]
Copyright (C) Ded (Ilya Dedinsky, http://txlib.ru) <mail@txlib.ru>
See license on: http://txlib.ru

TXLib file:	c:\program files\codeblocks\codeblocks\mingw\include\txlib.h
Compiled:	Oct 12 2022 17:48:53, GNU g++ 4.8.1, std=201103L, MinGW Runtime 3.20, 32-bit, DEBUG
Started:	Oct 12 2022 17:49:26

Run file:	C:\Program Files\CodeBlocks\CBProjects\Processor\assembler\bin\Debug\assembler.exe
Directory:	C:\Program Files\CodeBlocks\CBProjects\Processor\assembler

--------------------------------------------------

--------------------------------------------------
TXLib предупреждает:

Программа: C:\Program Files\CodeBlocks\CBProjects\Processor\assembler\bin\Debug\assembler.exe,

ВНЕЗАПНО: Нарушение доступа к памяти.

#1: Исключение EXCEPTION_ACCESS_VIOLATION (0xC0000005) при выполнении кода по адресу 0x0042C9F0 в функции CountLines() в файле C:/Program Files/CodeBlocks/CBProjects/Processor/assembler/asm_functions.cpp на строке 198. Попытка прочесть данные по адресу 0x0135F000 в модуле C:\Program Files\CodeBlocks\CBProjects\Processor\assembler\bin\Debug\assembler.exe. Спасибо _txVectoredExceptionHandler(), что сообщил. Люблю его <3

#1: TXLib [Ver: 00173a, Rev: 171, Date: 2022-07-23 02:08:28 +0400], Instance: 0x0057A69C (32-bit), Flags: Cmdre0, Thread: 0x968 (Main). 

--------------------------------------------------
Стек вызовов:

# 0 0x0042C9F0 in C:\Program Files\CodeBlocks\CBProjects\Processor\assembler\bin\Debug\assembler.exe: CountLines() at C:/Program Files/CodeBlocks/CBProjects/Processor/assembler/asm_functions.cpp (198):

    196:     char *ch = buffer;
    197: 
=>  198:     while(*ch != EOF)
    199:     {
    200:         if (*ch == '\n')

# 1 0x0042BB61 in C:\Program Files\CodeBlocks\CBProjects\Processor\assembler\bin\Debug\assembler.exe: ReadUserFile() at C:/Program Files/CodeBlocks/CBProjects/Processor/assembler/asm_functions.cpp (39):

     37: 
     38: 
=>   39:     int countlines_err = CountLines(field->char_buffer, &(field->lines_count));
     40: 
     41:     READFILE_ERROR_CHECK(countlines_err, COUNTLINES_ERROR, input_file);

# 2 0x00458F29 in C:\Program Files\CodeBlocks\CBProjects\Processor\assembler\bin\Debug\assembler.exe: main() at C:/Program Files/CodeBlocks/CBProjects/Processor/assembler/main.cpp (39):

     37:     InitializeMarks(&main_field);
     38: 
=>   39:     int read_err_check = ReadUserFile(USER_FILE_NAME, &main_field);
     40:     ASM_ERROR_CHECK(read_err_check, 1);
     41: 

--------------------------------------------------
Developed with:

The Dumb Artist Library (TX Library)
TXLib [Ver: 00173a, Rev: 171, Date: 2022-07-23 02:08:28 +0400]
Copyright (C) Ded (Ilya Dedinsky, http://txlib.ru) <mail@txlib.ru>
See license on: http://txlib.ru

TXLib file:	c:\program files\codeblocks\codeblocks\mingw\include\txlib.h
Compiled:	Oct 12 2022 17:48:53, GNU g++ 4.8.1, std=201103L, MinGW Runtime 3.20, 32-bit, DEBUG
Started:	Oct 12 2022 17:50:43

Run file:	C:\Program Files\CodeBlocks\CBProjects\Processor\assembler\bin\Debug\assembler.exe
Directory:	C:\Program Files\CodeBlocks\CBProjects\Processor\assembler

--------------------------------------------------

--------------------------------------------------
TXLib соболезнует...

Программа: C:\Program Files\CodeBlocks\CBProjects\Processor\assembler\bin\Debug\assembler.exe,

ВНЕЗАПНО: signal (11, 0x00): SIGSEGV: Доступ по неверному указателю. Ставьте ассерты! 

Нарушение доступа к памяти.

#1: Исключение EXCEPTION_ACCESS_VIOLATION (0xC0000005) при выполнении кода по адресу 0x0042C9F0 в функции CountLines() в файле C:/Program Files/CodeBlocks/CBProjects/Processor/assembler/asm_functions.cpp на строке 198. Попытка прочесть данные по адресу 0x0135F000 в модуле C:\Program Files\CodeBlocks\CBProjects\Processor\assembler\bin\Debug\assembler.exe. Спасибо _txVectoredExceptionHandler(), что сообщил. Люблю его <3

С помощью функции signal() вы можете сами обработать эту ошибку.

#2: TXLib [Ver: 00173a, Rev: 171, Date: 2022-07-23 02:08:28 +0400], Instance: 0x0057A69C (32-bit), Flags: Cmdre0, Thread: 0x968 (Main). 

--------------------------------------------------
Стек вызовов:

# 0 0x0042C9F0 in C:\Program Files\CodeBlocks\CBProjects\Processor\assembler\bin\Debug\assembler.exe: CountLines() at C:/Program Files/CodeBlocks/CBProjects/Processor/assembler/asm_functions.cpp (198):

    196:     char *ch = buffer;
    197: 
=>  198:     while(*ch != EOF)
    199:     {
    200:         if (*ch == '\n')

# 1 0x0042BB61 in C:\Program Files\CodeBlocks\CBProjects\Processor\assembler\bin\Debug\assembler.exe: ReadUserFile() at C:/Program Files/CodeBlocks/CBProjects/Processor/assembler/asm_functions.cpp (39):

     37: 
     38: 
=>   39:     int countlines_err = CountLines(field->char_buffer, &(field->lines_count));
     40: 
     41:     READFILE_ERROR_CHECK(countlines_err, COUNTLINES_ERROR, input_file);

# 2 0x00458F29 in C:\Program Files\CodeBlocks\CBProjects\Processor\assembler\bin\Debug\assembler.exe: main() at C:/Program Files/CodeBlocks/CBProjects/Processor/assembler/main.cpp (39):

     37:     InitializeMarks(&main_field);
     38: 
=>   39:     int read_err_check = ReadUserFile(USER_FILE_NAME, &main_field);
     40:     ASM_ERROR_CHECK(read_err_check, 1);
     41: 

--------------------------------------------------
Developed with:

The Dumb Artist Library (TX Library)
TXLib [Ver: 00173a, Rev: 171, Date: 2022-07-23 02:08:28 +0400]
Copyright (C) Ded (Ilya Dedinsky, http://txlib.ru) <mail@txlib.ru>
See license on: http://txlib.ru

TXLib file:	c:\program files\codeblocks\codeblocks\mingw\include\txlib.h
Compiled:	Oct 12 2022 17:48:53, GNU g++ 4.8.1, std=201103L, MinGW Runtime 3.20, 32-bit, DEBUG
Started:	Oct 12 2022 17:50:43

Run file:	C:\Program Files\CodeBlocks\CBProjects\Processor\assembler\bin\Debug\assembler.exe
Directory:	C:\Program Files\CodeBlocks\CBProjects\Processor\assembler

--------------------------------------------------

--------------------------------------------------
TXLib предупреждает:

Программа: C:\Program Files\CodeBlocks\CBProjects\Processor\assembler\bin\Debug\assembler.exe,

ВНЕЗАПНО: Нарушение доступа к памяти.

#1: Исключение EXCEPTION_ACCESS_VIOLATION (0xC0000005) при выполнении кода по адресу 0x0042C9F0 в функции CountLines() в файле C:/Program Files/CodeBlocks/CBProjects/Processor/assembler/asm_functions.cpp на строке 198. Попытка прочесть данные по адресу 0x0133F000 в модуле C:\Program Files\CodeBlocks\CBProjects\Processor\assembler\bin\Debug\assembler.exe. Спасибо _txVectoredExceptionHandler(), что сообщил. Люблю его <3

#1: TXLib [Ver: 00173a, Rev: 171, Date: 2022-07-23 02:08:28 +0400], Instance: 0x0057A69C (32-bit), Flags: Cmdre0, Thread: 0x2F28 (Main). 

--------------------------------------------------
Стек вызовов:

# 0 0x0042C9F0 in C:\Program Files\CodeBlocks\CBProjects\Processor\assembler\bin\Debug\assembler.exe: CountLines() at C:/Program Files/CodeBlocks/CBProjects/Processor/assembler/asm_functions.cpp (198):

    196:     char *ch = buffer;
    197: 
=>  198:     while(*ch != EOF)
    199:     {
    200:         if (*ch == '\n')

# 1 0x0042BB61 in C:\Program Files\CodeBlocks\CBProjects\Processor\assembler\bin\Debug\assembler.exe: ReadUserFile() at C:/Program Files/CodeBlocks/CBProjects/Processor/assembler/asm_functions.cpp (39):

     37: 
     38: 
=>   39:     int countlines_err = CountLines(field->char_buffer, &(field->lines_count));
     40: 
     41:     READFILE_ERROR_CHECK(countlines_err, COUNTLINES_ERROR, input_file);

# 2 0x00458F29 in C:\Program Files\CodeBlocks\CBProjects\Processor\assembler\bin\Debug\assembler.exe: main() at C:/Program Files/CodeBlocks/CBProjects/Processor/assembler/main.cpp (39):

     37:     InitializeMarks(&main_field);
     38: 
=>   39:     int read_err_check = ReadUserFile(USER_FILE_NAME, &main_field);
     40:     ASM_ERROR_CHECK(read_err_check, 1);
     41: 

--------------------------------------------------
Developed with:

The Dumb Artist Library (TX Library)
TXLib [Ver: 00173a, Rev: 171, Date: 2022-07-23 02:08:28 +0400]
Copyright (C) Ded (Ilya Dedinsky, http://txlib.ru) <mail@txlib.ru>
See license on: http://txlib.ru

TXLib file:	c:\program files\codeblocks\codeblocks\mingw\include\txlib.h
Compiled:	Oct 12 2022 17:48:53, GNU g++ 4.8.1, std=201103L, MinGW Runtime 3.20, 32-bit, DEBUG
Started:	Oct 12 2022 17:53:25

Run file:	C:\Program Files\CodeBlocks\CBProjects\Processor\assembler\bin\Debug\assembler.exe
Directory:	C:\Program Files\CodeBlocks\CBProjects\Processor\assembler

--------------------------------------------------

--------------------------------------------------
TXLib соболезнует...

Программа: C:\Program Files\CodeBlocks\CBProjects\Processor\assembler\bin\Debug\assembler.exe,

ВНЕЗАПНО: signal (11, 0x00): SIGSEGV: Доступ по неверному указателю. Ставьте ассерты! 

Нарушение доступа к памяти.

#1: Исключение EXCEPTION_ACCESS_VIOLATION (0xC0000005) при выполнении кода по адресу 0x0042C9F0 в функции CountLines() в файле C:/Program Files/CodeBlocks/CBProjects/Processor/assembler/asm_functions.cpp на строке 198. Попытка прочесть данные по адресу 0x0133F000 в модуле C:\Program Files\CodeBlocks\CBProjects\Processor\assembler\bin\Debug\assembler.exe. Спасибо _txVectoredExceptionHandler(), что сообщил. Люблю его <3

С помощью функции signal() вы можете сами обработать эту ошибку.

#2: TXLib [Ver: 00173a, Rev: 171, Date: 2022-07-23 02:08:28 +0400], Instance: 0x0057A69C (32-bit), Flags: Cmdre0, Thread: 0x2F28 (Main). 

--------------------------------------------------
Стек вызовов:

# 0 0x0042C9F0 in C:\Program Files\CodeBlocks\CBProjects\Processor\assembler\bin\Debug\assembler.exe: CountLines() at C:/Program Files/CodeBlocks/CBProjects/Processor/assembler/asm_functions.cpp (198):

    196:     char *ch = buffer;
    197: 
=>  198:     while(*ch != EOF)
    199:     {
    200:         if (*ch == '\n')

# 1 0x0042BB61 in C:\Program Files\CodeBlocks\CBProjects\Processor\assembler\bin\Debug\assembler.exe: ReadUserFile() at C:/Program Files/CodeBlocks/CBProjects/Processor/assembler/asm_functions.cpp (39):

     37: 
     38: 
=>   39:     int countlines_err = CountLines(field->char_buffer, &(field->lines_count));
     40: 
     41:     READFILE_ERROR_CHECK(countlines_err, COUNTLINES_ERROR, input_file);

# 2 0x00458F29 in C:\Program Files\CodeBlocks\CBProjects\Processor\assembler\bin\Debug\assembler.exe: main() at C:/Program Files/CodeBlocks/CBProjects/Processor/assembler/main.cpp (39):

     37:     InitializeMarks(&main_field);
     38: 
=>   39:     int read_err_check = ReadUserFile(USER_FILE_NAME, &main_field);
     40:     ASM_ERROR_CHECK(read_err_check, 1);
     41: 

--------------------------------------------------
Developed with:

The Dumb Artist Library (TX Library)
TXLib [Ver: 00173a, Rev: 171, Date: 2022-07-23 02:08:28 +0400]
Copyright (C) Ded (Ilya Dedinsky, http://txlib.ru) <mail@txlib.ru>
See license on: http://txlib.ru

TXLib file:	c:\program files\codeblocks\codeblocks\mingw\include\txlib.h
Compiled:	Oct 12 2022 17:48:53, GNU g++ 4.8.1, std=201103L, MinGW Runtime 3.20, 32-bit, DEBUG
Started:	Oct 12 2022 17:53:25

Run file:	C:\Program Files\CodeBlocks\CBProjects\Processor\assembler\bin\Debug\assembler.exe
Directory:	C:\Program Files\CodeBlocks\CBProjects\Processor\assembler

--------------------------------------------------
